This file contains any messages produced by compilers while
running configure, to aid debugging if configure makes a mistake.

It was created by libsodium configure 1.0.3, which was
generated by GNU Autoconf 2.69.  Invocation command line was

  $ ./configure 

## --------- ##
## Platform. ##
## --------- ##

hostname = 183
uname -m = x86_64
uname -r = 5.13.0-48-generic
uname -s = Linux
uname -v = #54~20.04.1-Ubuntu SMP Thu Jun 2 23:37:17 UTC 2022

/usr/bin/uname -p = x86_64
/bin/uname -X     = unknown

/bin/arch              = x86_64
/usr/bin/arch -k       = unknown
/usr/convex/getsysinfo = unknown
/usr/bin/hostinfo      = unknown
/bin/machine           = unknown
/usr/bin/oslevel       = unknown
/bin/universe          = unknown

PATH: /home/luwei/smack-deps/corral
PATH: /home/luwei/smack-deps/boogie
PATH: /home/luwei/smack-deps/z3/bin
PATH: /usr/local/sbin
PATH: /usr/local/bin
PATH: /usr/sbin
PATH: /usr/bin
PATH: /sbin
PATH: /bin
PATH: /usr/games
PATH: /usr/local/games
PATH: /snap/bin
PATH: /home/luwei/.dotnet/tools
PATH: /usr/local/cuda-11.7/bin
PATH: /usr/local/llvm-13/bin
PATH: /home/luwei/script


## ----------- ##
## Core tests. ##
## ----------- ##

configure:2313: checking build system type
configure:2327: result: x86_64-unknown-linux-gnu
configure:2347: checking host system type
configure:2360: result: x86_64-unknown-linux-gnu
configure:2396: checking for a BSD-compatible install
configure:2464: result: /usr/bin/install -c
configure:2475: checking whether build environment is sane
configure:2530: result: yes
configure:2679: checking for a thread-safe mkdir -p
configure:2718: result: /usr/bin/mkdir -p
configure:2725: checking for gawk
configure:2741: found /usr/bin/gawk
configure:2752: result: gawk
configure:2763: checking whether make sets $(MAKE)
configure:2785: result: yes
configure:2814: checking whether make supports nested variables
configure:2831: result: yes
configure:2920: checking whether UID '1003' is supported by ustar format
configure:2923: result: yes
configure:2930: checking whether GID '1003' is supported by ustar format
configure:2933: result: yes
configure:2941: checking how to create a ustar tar archive
configure:2952: tar --version
tar (GNU tar) 1.30
Copyright (C) 2017 Free Software Foundation, Inc.
License GPLv3+: GNU GPL version 3 or later <https://gnu.org/licenses/gpl.html>.
This is free software: you are free to change and redistribute it.
There is NO WARRANTY, to the extent permitted by law.

Written by John Gilmore and Jay Fenlason.
configure:2955: $? = 0
configure:2995: tardir=conftest.dir && eval tar --format=ustar -chf - "$tardir" >conftest.tar
configure:2998: $? = 0
configure:3002: tar -xf - <conftest.tar
configure:3005: $? = 0
configure:3007: cat conftest.dir/file
GrepMe
configure:3010: $? = 0
configure:3023: result: gnutar
configure:3084: checking whether make supports nested variables
configure:3101: result: yes
configure:3113: checking whether to enable maintainer-specific portions of Makefiles
configure:3122: result: no
configure:3355: checking for style of include used by make
configure:3383: result: GNU
configure:3435: checking for gcc
configure:3451: found /usr/bin/gcc
configure:3462: result: gcc
configure:3691: checking for C compiler version
configure:3700: gcc --version >&5
gcc (Ubuntu 11.1.0-1ubuntu1~20.04) 11.1.0
Copyright (C) 2021 Free Software Foundation, Inc.
This is free software; see the source for copying conditions.  There is NO
warranty; not even for MERCHANTABILITY or FITNESS FOR A PARTICULAR PURPOSE.

configure:3711: $? = 0
configure:3700: gcc -v >&5
Using built-in specs.
COLLECT_GCC=gcc
COLLECT_LTO_WRAPPER=/usr/lib/gcc/x86_64-linux-gnu/11/lto-wrapper
OFFLOAD_TARGET_NAMES=nvptx-none:amdgcn-amdhsa
OFFLOAD_TARGET_DEFAULT=1
Target: x86_64-linux-gnu
Configured with: ../src/configure -v --with-pkgversion='Ubuntu 11.1.0-1ubuntu1~20.04' --with-bugurl=file:///usr/share/doc/gcc-11/README.Bugs --enable-languages=c,ada,c++,go,brig,d,fortran,objc,obj-c++,m2 --prefix=/usr --with-gcc-major-version-only --program-suffix=-11 --program-prefix=x86_64-linux-gnu- --enable-shared --enable-linker-build-id --libexecdir=/usr/lib --without-included-gettext --enable-threads=posix --libdir=/usr/lib --enable-nls --enable-bootstrap --enable-clocale=gnu --enable-libstdcxx-debug --enable-libstdcxx-time=yes --with-default-libstdcxx-abi=new --enable-gnu-unique-object --disable-vtable-verify --enable-plugin --enable-default-pie --with-system-zlib --enable-libphobos-checking=release --with-target-system-zlib=auto --enable-objc-gc=auto --enable-multiarch --disable-werror --disable-cet --with-arch-32=i686 --with-abi=m64 --with-multilib-list=m32,m64,mx32 --enable-multilib --with-tune=generic --enable-offload-targets=nvptx-none=/build/gcc-11-2V7zgg/gcc-11-11.1.0/debian/tmp-nvptx/usr,amdgcn-amdhsa=/build/gcc-11-2V7zgg/gcc-11-11.1.0/debian/tmp-gcn/usr --without-cuda-driver --enable-checking=release --build=x86_64-linux-gnu --host=x86_64-linux-gnu --target=x86_64-linux-gnu --with-build-config=bootstrap-lto-lean --enable-link-serialization=2
Thread model: posix
Supported LTO compression algorithms: zlib zstd
gcc version 11.1.0 (Ubuntu 11.1.0-1ubuntu1~20.04) 
... rest of stderr output deleted ...
configure:3711: $? = 0
configure:3700: gcc -V >&5
gcc: error: unrecognized command-line option '-V'
gcc: fatal error: no input files
compilation terminated.
configure:3711: $? = 1
configure:3700: gcc -qversion >&5
gcc: error: unrecognized command-line option '-qversion'; did you mean '--version'?
gcc: fatal error: no input files
compilation terminated.
configure:3711: $? = 1
configure:3731: checking whether the C compiler works
configure:3753: gcc    conftest.c  >&5
configure:3757: $? = 0
configure:3805: result: yes
configure:3808: checking for C compiler default output file name
configure:3810: result: a.out
configure:3816: checking for suffix of executables
configure:3823: gcc -o conftest    conftest.c  >&5
configure:3827: $? = 0
configure:3849: result: 
configure:3871: checking whether we are cross compiling
configure:3879: gcc -o conftest    conftest.c  >&5
configure:3883: $? = 0
configure:3890: ./conftest
configure:3894: $? = 0
configure:3882: result: no
configure:3887: checking for suffix of object files
configure:3909: gcc -c   conftest.c >&5
configure:3913: $? = 0
configure:3934: result: o
configure:3938: checking whether we are using the GNU C compiler
configure:3957: gcc -c   conftest.c >&5
configure:3957: $? = 0
configure:3966: result: yes
configure:3975: checking whether gcc accepts -g
configure:3995: gcc -c -g  conftest.c >&5
configure:3995: $? = 0
configure:4036: result: yes
configure:4053: checking for gcc option to accept ISO C89
configure:4116: gcc  -c -g -O2  conftest.c >&5
configure:4116: $? = 0
configure:4129: result: none needed
configure:4154: checking whether gcc understands -c and -o together
configure:4176: gcc -c conftest.c -o conftest2.o
configure:4179: $? = 0
configure:4176: gcc -c conftest.c -o conftest2.o
configure:4179: $? = 0
configure:4191: result: yes
configure:4210: checking dependency style of gcc
configure:4321: result: gcc3
configure:4336: checking for gcc option to accept ISO C99
configure:4485: gcc  -c -g -O2  conftest.c >&5
configure:4485: $? = 0
configure:4498: result: none needed
configure:4522: checking dependency style of gcc
configure:4631: result: gcc3
configure:4652: checking how to run the C preprocessor
configure:4683: gcc -E  conftest.c
configure:4683: $? = 0
configure:4697: gcc -E  conftest.c
conftest.c:11:10: fatal error: ac_nonexistent.h: No such file or directory
   11 | #include <ac_nonexistent.h>
      |          ^~~~~~~~~~~~~~~~~~
compilation terminated.
configure:4697: $? = 1
configure: failed program was:
| /* confdefs.h */
| #define PACKAGE_NAME "libsodium"
| #define PACKAGE_TARNAME "libsodium"
| #define PACKAGE_VERSION "1.0.3"
| #define PACKAGE_STRING "libsodium 1.0.3"
| #define PACKAGE_BUGREPORT "https://github.com/jedisct1/libsodium/issues"
| #define PACKAGE_URL "https://github.com/jedisct1/libsodium"
| #define PACKAGE "libsodium"
| #define VERSION "1.0.3"
| /* end confdefs.h.  */
| #include <ac_nonexistent.h>
configure:4722: result: gcc -E
configure:4742: gcc -E  conftest.c
configure:4742: $? = 0
configure:4756: gcc -E  conftest.c
conftest.c:11:10: fatal error: ac_nonexistent.h: No such file or directory
   11 | #include <ac_nonexistent.h>
      |          ^~~~~~~~~~~~~~~~~~
compilation terminated.
configure:4756: $? = 1
configure: failed program was:
| /* confdefs.h */
| #define PACKAGE_NAME "libsodium"
| #define PACKAGE_TARNAME "libsodium"
| #define PACKAGE_VERSION "1.0.3"
| #define PACKAGE_STRING "libsodium 1.0.3"
| #define PACKAGE_BUGREPORT "https://github.com/jedisct1/libsodium/issues"
| #define PACKAGE_URL "https://github.com/jedisct1/libsodium"
| #define PACKAGE "libsodium"
| #define VERSION "1.0.3"
| /* end confdefs.h.  */
| #include <ac_nonexistent.h>
configure:4785: checking for grep that handles long lines and -e
configure:4843: result: /usr/bin/grep
configure:4848: checking for egrep
configure:4910: result: /usr/bin/grep -E
configure:4915: checking for ANSI C header files
configure:4935: gcc -c -g -O2  conftest.c >&5
configure:4935: $? = 0
configure:5008: gcc -o conftest -g -O2   conftest.c  >&5
configure:5008: $? = 0
configure:5008: ./conftest
configure:5008: $? = 0
configure:5019: result: yes
configure:5032: checking for sys/types.h
configure:5032: gcc -c -g -O2  conftest.c >&5
configure:5032: $? = 0
configure:5032: result: yes
configure:5032: checking for sys/stat.h
configure:5032: gcc -c -g -O2  conftest.c >&5
configure:5032: $? = 0
configure:5032: result: yes
configure:5032: checking for stdlib.h
configure:5032: gcc -c -g -O2  conftest.c >&5
configure:5032: $? = 0
configure:5032: result: yes
configure:5032: checking for string.h
configure:5032: gcc -c -g -O2  conftest.c >&5
configure:5032: $? = 0
configure:5032: result: yes
configure:5032: checking for memory.h
configure:5032: gcc -c -g -O2  conftest.c >&5
configure:5032: $? = 0
configure:5032: result: yes
configure:5032: checking for strings.h
configure:5032: gcc -c -g -O2  conftest.c >&5
configure:5032: $? = 0
configure:5032: result: yes
configure:5032: checking for inttypes.h
configure:5032: gcc -c -g -O2  conftest.c >&5
configure:5032: $? = 0
configure:5032: result: yes
configure:5032: checking for stdint.h
configure:5032: gcc -c -g -O2  conftest.c >&5
configure:5032: $? = 0
configure:5032: result: yes
configure:5032: checking for unistd.h
configure:5032: gcc -c -g -O2  conftest.c >&5
configure:5032: $? = 0
configure:5032: result: yes
configure:5045: checking minix/config.h usability
configure:5045: gcc -c -g -O2  conftest.c >&5
conftest.c:54:10: fatal error: minix/config.h: No such file or directory
   54 | #include <minix/config.h>
      |          ^~~~~~~~~~~~~~~~
compilation terminated.
configure:5045: $? = 1
configure: failed program was:
| /* confdefs.h */
| #define PACKAGE_NAME "libsodium"
| #define PACKAGE_TARNAME "libsodium"
| #define PACKAGE_VERSION "1.0.3"
| #define PACKAGE_STRING "libsodium 1.0.3"
| #define PACKAGE_BUGREPORT "https://github.com/jedisct1/libsodium/issues"
| #define PACKAGE_URL "https://github.com/jedisct1/libsodium"
| #define PACKAGE "libsodium"
| #define VERSION "1.0.3"
| #define STDC_HEADERS 1
| #define HAVE_SYS_TYPES_H 1
| #define HAVE_SYS_STAT_H 1
| #define HAVE_STDLIB_H 1
| #define HAVE_STRING_H 1
| #define HAVE_MEMORY_H 1
| #define HAVE_STRINGS_H 1
| #define HAVE_INTTYPES_H 1
| #define HAVE_STDINT_H 1
| #define HAVE_UNISTD_H 1
| /* end confdefs.h.  */
| #include <stdio.h>
| #ifdef HAVE_SYS_TYPES_H
| # include <sys/types.h>
| #endif
| #ifdef HAVE_SYS_STAT_H
| # include <sys/stat.h>
| #endif
| #ifdef STDC_HEADERS
| # include <stdlib.h>
| # include <stddef.h>
| #else
| # ifdef HAVE_STDLIB_H
| #  include <stdlib.h>
| # endif
| #endif
| #ifdef HAVE_STRING_H
| # if !defined STDC_HEADERS && defined HAVE_MEMORY_H
| #  include <memory.h>
| # endif
| # include <string.h>
| #endif
| #ifdef HAVE_STRINGS_H
| # include <strings.h>
| #endif
| #ifdef HAVE_INTTYPES_H
| # include <inttypes.h>
| #endif
| #ifdef HAVE_STDINT_H
| # include <stdint.h>
| #endif
| #ifdef HAVE_UNISTD_H
| # include <unistd.h>
| #endif
| #include <minix/config.h>
configure:5045: result: no
configure:5045: checking minix/config.h presence
configure:5045: gcc -E  conftest.c
conftest.c:21:10: fatal error: minix/config.h: No such file or directory
   21 | #include <minix/config.h>
      |          ^~~~~~~~~~~~~~~~
compilation terminated.
configure:5045: $? = 1
configure: failed program was:
| /* confdefs.h */
| #define PACKAGE_NAME "libsodium"
| #define PACKAGE_TARNAME "libsodium"
| #define PACKAGE_VERSION "1.0.3"
| #define PACKAGE_STRING "libsodium 1.0.3"
| #define PACKAGE_BUGREPORT "https://github.com/jedisct1/libsodium/issues"
| #define PACKAGE_URL "https://github.com/jedisct1/libsodium"
| #define PACKAGE "libsodium"
| #define VERSION "1.0.3"
| #define STDC_HEADERS 1
| #define HAVE_SYS_TYPES_H 1
| #define HAVE_SYS_STAT_H 1
| #define HAVE_STDLIB_H 1
| #define HAVE_STRING_H 1
| #define HAVE_MEMORY_H 1
| #define HAVE_STRINGS_H 1
| #define HAVE_INTTYPES_H 1
| #define HAVE_STDINT_H 1
| #define HAVE_UNISTD_H 1
| /* end confdefs.h.  */
| #include <minix/config.h>
configure:5045: result: no
configure:5045: checking for minix/config.h
configure:5045: result: no
configure:5066: checking whether it is safe to define __EXTENSIONS__
configure:5084: gcc -c -g -O2  conftest.c >&5
configure:5084: $? = 0
configure:5091: result: yes
configure:5106: checking whether C compiler accepts -D_FORTIFY_SOURCE=2
configure:5125: gcc -c -g -O2  -D_FORTIFY_SOURCE=2  conftest.c >&5
In file included from /usr/include/stdio.h:867,
                 from conftest.c:26:
In function 'fgets',
    inlined from 'main' at conftest.c:30:47:
/usr/include/x86_64-linux-gnu/bits/stdio2.h:263:16: warning: call to '__fgets_chk_warn' declared with attribute warning: fgets called with bigger size than length of destination buffer [-Wattribute-warning]
  263 |         return __fgets_chk_warn (__s, __bos (__s), __n, __stream);
      |                ^~~~~~~~~~~~~~~~~~~~~~~~~~~~~~~~~~~~~~~~~~~~~~~~~~
configure:5125: $? = 0
configure:5133: result: yes
configure:5142: checking whether C compiler accepts -fvisibility=hidden
configure:5161: gcc -c -g -O2  -fvisibility=hidden  -D_FORTIFY_SOURCE=2 conftest.c >&5
In file included from /usr/include/stdio.h:867,
                 from conftest.c:26:
In function 'fgets',
    inlined from 'main' at conftest.c:30:47:
/usr/include/x86_64-linux-gnu/bits/stdio2.h:263:16: warning: call to '__fgets_chk_warn' declared with attribute warning: fgets called with bigger size than length of destination buffer [-Wattribute-warning]
  263 |         return __fgets_chk_warn (__s, __bos (__s), __n, __stream);
      |                ^~~~~~~~~~~~~~~~~~~~~~~~~~~~~~~~~~~~~~~~~~~~~~~~~~
configure:5161: $? = 0
configure:5169: result: yes
configure:5183: checking whether C compiler accepts -fPIC
configure:5202: gcc -c -g -O2 -fvisibility=hidden  -fPIC  -D_FORTIFY_SOURCE=2 conftest.c >&5
In file included from /usr/include/stdio.h:867,
                 from conftest.c:26:
In function 'fgets',
    inlined from 'main' at conftest.c:30:47:
/usr/include/x86_64-linux-gnu/bits/stdio2.h:263:16: warning: call to '__fgets_chk_warn' declared with attribute warning: fgets called with bigger size than length of destination buffer [-Wattribute-warning]
  263 |         return __fgets_chk_warn (__s, __bos (__s), __n, __stream);
      |                ^~~~~~~~~~~~~~~~~~~~~~~~~~~~~~~~~~~~~~~~~~~~~~~~~~
configure:5202: $? = 0
configure:5210: result: yes
configure:5214: checking whether the linker accepts -fPIC
configure:5233: gcc -o conftest -g -O2 -fvisibility=hidden  -D_FORTIFY_SOURCE=2   -fPIC conftest.c  >&5
In file included from /usr/include/stdio.h:867,
                 from conftest.c:26:
In function 'fgets',
    inlined from 'main' at conftest.c:30:17:
/usr/include/x86_64-linux-gnu/bits/stdio2.h:263:16: warning: call to '__fgets_chk_warn' declared with attribute warning: fgets called with bigger size than length of destination buffer [-Wattribute-warning]
  263 |         return __fgets_chk_warn (__s, __bos (__s), __n, __stream);
      |                ^~~~~~~~~~~~~~~~~~~~~~~~~~~~~~~~~~~~~~~~~~~~~~~~~~
configure:5233: $? = 0
configure:5242: result: yes
configure:5261: checking whether C compiler accepts -fPIE
configure:5280: gcc -c -g -O2 -fvisibility=hidden -fPIC  -fPIE  -D_FORTIFY_SOURCE=2 conftest.c >&5
In file included from /usr/include/stdio.h:867,
                 from conftest.c:26:
In function 'fgets',
    inlined from 'main' at conftest.c:30:47:
/usr/include/x86_64-linux-gnu/bits/stdio2.h:263:16: warning: call to '__fgets_chk_warn' declared with attribute warning: fgets called with bigger size than length of destination buffer [-Wattribute-warning]
  263 |         return __fgets_chk_warn (__s, __bos (__s), __n, __stream);
      |                ^~~~~~~~~~~~~~~~~~~~~~~~~~~~~~~~~~~~~~~~~~~~~~~~~~
configure:5280: $? = 0
configure:5288: result: yes
configure:5292: checking whether the linker accepts -fPIE
configure:5311: gcc -o conftest -g -O2 -fvisibility=hidden -fPIC  -D_FORTIFY_SOURCE=2   -fPIE conftest.c  >&5
In file included from /usr/include/stdio.h:867,
                 from conftest.c:26:
In function 'fgets',
    inlined from 'main' at conftest.c:30:17:
/usr/include/x86_64-linux-gnu/bits/stdio2.h:263:16: warning: call to '__fgets_chk_warn' declared with attribute warning: fgets called with bigger size than length of destination buffer [-Wattribute-warning]
  263 |         return __fgets_chk_warn (__s, __bos (__s), __n, __stream);
      |                ^~~~~~~~~~~~~~~~~~~~~~~~~~~~~~~~~~~~~~~~~~~~~~~~~~
configure:5311: $? = 0
configure:5320: result: yes
configure:5323: checking whether the linker accepts -pie
configure:5342: gcc -o conftest -g -O2 -fvisibility=hidden -fPIC  -D_FORTIFY_SOURCE=2   -pie conftest.c  >&5
In file included from /usr/include/stdio.h:867,
                 from conftest.c:26:
In function 'fgets',
    inlined from 'main' at conftest.c:30:17:
/usr/include/x86_64-linux-gnu/bits/stdio2.h:263:16: warning: call to '__fgets_chk_warn' declared with attribute warning: fgets called with bigger size than length of destination buffer [-Wattribute-warning]
  263 |         return __fgets_chk_warn (__s, __bos (__s), __n, __stream);
      |                ^~~~~~~~~~~~~~~~~~~~~~~~~~~~~~~~~~~~~~~~~~~~~~~~~~
configure:5342: $? = 0
configure:5351: result: yes
configure:5373: checking whether C compiler accepts -fno-strict-aliasing
configure:5392: gcc -c -g -O2 -fvisibility=hidden -fPIC -fPIE  -fno-strict-aliasing  -D_FORTIFY_SOURCE=2 conftest.c >&5
In file included from /usr/include/stdio.h:867,
                 from conftest.c:26:
In function 'fgets',
    inlined from 'main' at conftest.c:30:47:
/usr/include/x86_64-linux-gnu/bits/stdio2.h:263:16: warning: call to '__fgets_chk_warn' declared with attribute warning: fgets called with bigger size than length of destination buffer [-Wattribute-warning]
  263 |         return __fgets_chk_warn (__s, __bos (__s), __n, __stream);
      |                ^~~~~~~~~~~~~~~~~~~~~~~~~~~~~~~~~~~~~~~~~~~~~~~~~~
configure:5392: $? = 0
configure:5400: result: yes
configure:5408: checking whether C compiler accepts -fno-strict-overflow
configure:5427: gcc -c -g -O2 -fvisibility=hidden -fPIC -fPIE -fno-strict-aliasing  -fno-strict-overflow  -D_FORTIFY_SOURCE=2 conftest.c >&5
In file included from /usr/include/stdio.h:867,
                 from conftest.c:26:
In function 'fgets',
    inlined from 'main' at conftest.c:30:47:
/usr/include/x86_64-linux-gnu/bits/stdio2.h:263:16: warning: call to '__fgets_chk_warn' declared with attribute warning: fgets called with bigger size than length of destination buffer [-Wattribute-warning]
  263 |         return __fgets_chk_warn (__s, __bos (__s), __n, __stream);
      |                ^~~~~~~~~~~~~~~~~~~~~~~~~~~~~~~~~~~~~~~~~~~~~~~~~~
configure:5427: $? = 0
configure:5435: result: yes
configure:5583: checking whether C compiler accepts -fstack-protector
configure:5602: gcc -c -g -O2 -fvisibility=hidden -fPIC -fPIE -fno-strict-aliasing -fno-strict-overflow  -fstack-protector  -D_FORTIFY_SOURCE=2 conftest.c >&5
In file included from /usr/include/stdio.h:867,
                 from conftest.c:26:
In function 'fgets',
    inlined from 'main' at conftest.c:30:47:
/usr/include/x86_64-linux-gnu/bits/stdio2.h:263:16: warning: call to '__fgets_chk_warn' declared with attribute warning: fgets called with bigger size than length of destination buffer [-Wattribute-warning]
  263 |         return __fgets_chk_warn (__s, __bos (__s), __n, __stream);
      |                ^~~~~~~~~~~~~~~~~~~~~~~~~~~~~~~~~~~~~~~~~~~~~~~~~~
configure:5602: $? = 0
configure:5610: result: yes
configure:5614: checking whether the linker accepts -fstack-protector
configure:5633: gcc -o conftest -g -O2 -fvisibility=hidden -fPIC -fPIE -fno-strict-aliasing -fno-strict-overflow  -D_FORTIFY_SOURCE=2  -pie  -fstack-protector conftest.c  >&5
In file included from /usr/include/stdio.h:867,
                 from conftest.c:26:
In function 'fgets',
    inlined from 'main' at conftest.c:30:17:
/usr/include/x86_64-linux-gnu/bits/stdio2.h:263:16: warning: call to '__fgets_chk_warn' declared with attribute warning: fgets called with bigger size than length of destination buffer [-Wattribute-warning]
  263 |         return __fgets_chk_warn (__s, __bos (__s), __n, __stream);
      |                ^~~~~~~~~~~~~~~~~~~~~~~~~~~~~~~~~~~~~~~~~~~~~~~~~~
configure:5633: $? = 0
configure:5642: result: yes
configure:5663: checking whether C compiler accepts -Winit-self
configure:5682: gcc -c -g -O2 -fvisibility=hidden -fPIC -fPIE -fno-strict-aliasing -fno-strict-overflow -fstack-protector  -Winit-self  -D_FORTIFY_SOURCE=2 conftest.c >&5
In file included from /usr/include/stdio.h:867,
                 from conftest.c:26:
In function 'fgets',
    inlined from 'main' at conftest.c:30:47:
/usr/include/x86_64-linux-gnu/bits/stdio2.h:263:16: warning: call to '__fgets_chk_warn' declared with attribute warning: fgets called with bigger size than length of destination buffer [-Wattribute-warning]
  263 |         return __fgets_chk_warn (__s, __bos (__s), __n, __stream);
      |                ^~~~~~~~~~~~~~~~~~~~~~~~~~~~~~~~~~~~~~~~~~~~~~~~~~
configure:5682: $? = 0
configure:5690: result: yes
configure:5698: checking whether C compiler accepts -Wwrite-strings
configure:5717: gcc -c -g -O2 -fvisibility=hidden -fPIC -fPIE -fno-strict-aliasing -fno-strict-overflow -fstack-protector -Winit-self  -Wwrite-strings  -D_FORTIFY_SOURCE=2 conftest.c >&5
In file included from /usr/include/stdio.h:867,
                 from conftest.c:26:
In function 'fgets',
    inlined from 'main' at conftest.c:30:47:
/usr/include/x86_64-linux-gnu/bits/stdio2.h:263:16: warning: call to '__fgets_chk_warn' declared with attribute warning: fgets called with bigger size than length of destination buffer [-Wattribute-warning]
  263 |         return __fgets_chk_warn (__s, __bos (__s), __n, __stream);
      |                ^~~~~~~~~~~~~~~~~~~~~~~~~~~~~~~~~~~~~~~~~~~~~~~~~~
configure:5717: $? = 0
configure:5725: result: yes
configure:5733: checking whether C compiler accepts -Wdiv-by-zero
configure:5752: gcc -c -g -O2 -fvisibility=hidden -fPIC -fPIE -fno-strict-aliasing -fno-strict-overflow -fstack-protector -Winit-self -Wwrite-strings  -Wdiv-by-zero  -D_FORTIFY_SOURCE=2 conftest.c >&5
In file included from /usr/include/stdio.h:867,
                 from conftest.c:26:
In function 'fgets',
    inlined from 'main' at conftest.c:30:47:
/usr/include/x86_64-linux-gnu/bits/stdio2.h:263:16: warning: call to '__fgets_chk_warn' declared with attribute warning: fgets called with bigger size than length of destination buffer [-Wattribute-warning]
  263 |         return __fgets_chk_warn (__s, __bos (__s), __n, __stream);
      |                ^~~~~~~~~~~~~~~~~~~~~~~~~~~~~~~~~~~~~~~~~~~~~~~~~~
configure:5752: $? = 0
configure:5760: result: yes
configure:5768: checking whether C compiler accepts -Wsometimes-uninitialized
configure:5787: gcc -c -g -O2 -fvisibility=hidden -fPIC -fPIE -fno-strict-aliasing -fno-strict-overflow -fstack-protector -Winit-self -Wwrite-strings -Wdiv-by-zero  -Wsometimes-uninitialized  -D_FORTIFY_SOURCE=2 conftest.c >&5
gcc: error: unrecognized command-line option '-Wsometimes-uninitialized'; did you mean '-Wmaybe-uninitialized'?
configure:5787: $? = 1
configure: failed program was:
| /* confdefs.h */
| #define PACKAGE_NAME "libsodium"
| #define PACKAGE_TARNAME "libsodium"
| #define PACKAGE_VERSION "1.0.3"
| #define PACKAGE_STRING "libsodium 1.0.3"
| #define PACKAGE_BUGREPORT "https://github.com/jedisct1/libsodium/issues"
| #define PACKAGE_URL "https://github.com/jedisct1/libsodium"
| #define PACKAGE "libsodium"
| #define VERSION "1.0.3"
| #define STDC_HEADERS 1
| #define HAVE_SYS_TYPES_H 1
| #define HAVE_SYS_STAT_H 1
| #define HAVE_STDLIB_H 1
| #define HAVE_STRING_H 1
| #define HAVE_MEMORY_H 1
| #define HAVE_STRINGS_H 1
| #define HAVE_INTTYPES_H 1
| #define HAVE_STDINT_H 1
| #define HAVE_UNISTD_H 1
| #define __EXTENSIONS__ 1
| #define _ALL_SOURCE 1
| #define _GNU_SOURCE 1
| #define _POSIX_PTHREAD_SEMANTICS 1
| #define _TANDEM_SOURCE 1
| /* end confdefs.h.  */
| #include <stdio.h>
| int
| main ()
| {
| char x[42U], fodder = 0;if (fodder > -1000 && fgets(x,1000,stdin)) puts(x)
|   ;
|   return 0;
| }
configure:5795: result: no
configure:5807: checking whether C compiler accepts  -Wall
configure:5826: gcc -c -g -O2 -fvisibility=hidden -fPIC -fPIE -fno-strict-aliasing -fno-strict-overflow -fstack-protector -Winit-self -Wwrite-strings -Wdiv-by-zero   -Wall  -D_FORTIFY_SOURCE=2 conftest.c >&5
In file included from /usr/include/stdio.h:867,
                 from conftest.c:26:
In function 'fgets',
    inlined from 'main' at conftest.c:30:47:
/usr/include/x86_64-linux-gnu/bits/stdio2.h:263:16: warning: call to '__fgets_chk_warn' declared with attribute warning: fgets called with bigger size than length of destination buffer [-Wattribute-warning]
  263 |         return __fgets_chk_warn (__s, __bos (__s), __n, __stream);
      |                ^~~~~~~~~~~~~~~~~~~~~~~~~~~~~~~~~~~~~~~~~~~~~~~~~~
configure:5826: $? = 0
configure:5835: result: yes
configure:5844: checking whether C compiler accepts  -Wall -Wextra
configure:5863: gcc -c -g -O2 -fvisibility=hidden -fPIC -fPIE -fno-strict-aliasing -fno-strict-overflow -fstack-protector -Winit-self -Wwrite-strings -Wdiv-by-zero   -Wall -Wextra  -D_FORTIFY_SOURCE=2 conftest.c >&5
conftest.c: In function 'main':
conftest.c:30:36: warning: comparison is always true due to limited range of data type [-Wtype-limits]
   30 | char x[42U], fodder = 0;if (fodder > -1000 && fgets(x,1000,stdin)) puts(x)
      |                                    ^
In file included from /usr/include/stdio.h:867,
                 from conftest.c:26:
In function 'fgets',
    inlined from 'main' at conftest.c:30:47:
/usr/include/x86_64-linux-gnu/bits/stdio2.h:263:16: warning: call to '__fgets_chk_warn' declared with attribute warning: fgets called with bigger size than length of destination buffer [-Wattribute-warning]
  263 |         return __fgets_chk_warn (__s, __bos (__s), __n, __stream);
      |                ^~~~~~~~~~~~~~~~~~~~~~~~~~~~~~~~~~~~~~~~~~~~~~~~~~
configure:5863: $? = 0
configure:5872: result: yes
configure:5881: checking for clang
configure:5898: gcc -c -g -O2 -fvisibility=hidden -fPIC -fPIE -fno-strict-aliasing -fno-strict-overflow -fstack-protector -Winit-self -Wwrite-strings -Wdiv-by-zero  -D_FORTIFY_SOURCE=2 conftest.c >&5
conftest.c: In function 'main':
conftest.c:32:1: error: unknown type name 'be'
   32 | be sad
      | ^~
configure:5898: $? = 1
configure: failed program was:
| /* confdefs.h */
| #define PACKAGE_NAME "libsodium"
| #define PACKAGE_TARNAME "libsodium"
| #define PACKAGE_VERSION "1.0.3"
| #define PACKAGE_STRING "libsodium 1.0.3"
| #define PACKAGE_BUGREPORT "https://github.com/jedisct1/libsodium/issues"
| #define PACKAGE_URL "https://github.com/jedisct1/libsodium"
| #define PACKAGE "libsodium"
| #define VERSION "1.0.3"
| #define STDC_HEADERS 1
| #define HAVE_SYS_TYPES_H 1
| #define HAVE_SYS_STAT_H 1
| #define HAVE_STDLIB_H 1
| #define HAVE_STRING_H 1
| #define HAVE_MEMORY_H 1
| #define HAVE_STRINGS_H 1
| #define HAVE_INTTYPES_H 1
| #define HAVE_STDINT_H 1
| #define HAVE_UNISTD_H 1
| #define __EXTENSIONS__ 1
| #define _ALL_SOURCE 1
| #define _GNU_SOURCE 1
| #define _POSIX_PTHREAD_SEMANTICS 1
| #define _TANDEM_SOURCE 1
| /* end confdefs.h.  */
| 
| int
| main ()
| {
| 
| #ifndef __clang__
| be sad
| #endif
| 
|   ;
|   return 0;
| }
configure:5940: result: no
configure:5947: checking whether C compiler accepts  -Wall -Wextra -Wbad-function-cast
configure:5966: gcc -c -g -O2 -fvisibility=hidden -fPIC -fPIE -fno-strict-aliasing -fno-strict-overflow -fstack-protector -Winit-self -Wwrite-strings -Wdiv-by-zero   -Wall -Wextra -Wbad-function-cast  -D_FORTIFY_SOURCE=2 conftest.c >&5
conftest.c: In function 'main':
conftest.c:30:36: warning: comparison is always true due to limited range of data type [-Wtype-limits]
   30 | char x[42U], fodder = 0;if (fodder > -1000 && fgets(x,1000,stdin)) puts(x)
      |                                    ^
In file included from /usr/include/stdio.h:867,
                 from conftest.c:26:
In function 'fgets',
    inlined from 'main' at conftest.c:30:47:
/usr/include/x86_64-linux-gnu/bits/stdio2.h:263:16: warning: call to '__fgets_chk_warn' declared with attribute warning: fgets called with bigger size than length of destination buffer [-Wattribute-warning]
  263 |         return __fgets_chk_warn (__s, __bos (__s), __n, __stream);
      |                ^~~~~~~~~~~~~~~~~~~~~~~~~~~~~~~~~~~~~~~~~~~~~~~~~~
configure:5966: $? = 0
configure:5975: result: yes
configure:5984: checking whether C compiler accepts  -Wall -Wextra -Wbad-function-cast -Wcast-align
configure:6003: gcc -c -g -O2 -fvisibility=hidden -fPIC -fPIE -fno-strict-aliasing -fno-strict-overflow -fstack-protector -Winit-self -Wwrite-strings -Wdiv-by-zero   -Wall -Wextra -Wbad-function-cast -Wcast-align  -D_FORTIFY_SOURCE=2 conftest.c >&5
conftest.c: In function 'main':
conftest.c:30:36: warning: comparison is always true due to limited range of data type [-Wtype-limits]
   30 | char x[42U], fodder = 0;if (fodder > -1000 && fgets(x,1000,stdin)) puts(x)
      |                                    ^
In file included from /usr/include/stdio.h:867,
                 from conftest.c:26:
In function 'fgets',
    inlined from 'main' at conftest.c:30:47:
/usr/include/x86_64-linux-gnu/bits/stdio2.h:263:16: warning: call to '__fgets_chk_warn' declared with attribute warning: fgets called with bigger size than length of destination buffer [-Wattribute-warning]
  263 |         return __fgets_chk_warn (__s, __bos (__s), __n, __stream);
      |                ^~~~~~~~~~~~~~~~~~~~~~~~~~~~~~~~~~~~~~~~~~~~~~~~~~
configure:6003: $? = 0
configure:6012: result: yes
configure:6021: checking whether C compiler accepts  -Wall -Wextra -Wbad-function-cast -Wcast-align -Wcast-qual
configure:6040: gcc -c -g -O2 -fvisibility=hidden -fPIC -fPIE -fno-strict-aliasing -fno-strict-overflow -fstack-protector -Winit-self -Wwrite-strings -Wdiv-by-zero   -Wall -Wextra -Wbad-function-cast -Wcast-align -Wcast-qual  -D_FORTIFY_SOURCE=2 conftest.c >&5
conftest.c: In function 'main':
conftest.c:30:36: warning: comparison is always true due to limited range of data type [-Wtype-limits]
   30 | char x[42U], fodder = 0;if (fodder > -1000 && fgets(x,1000,stdin)) puts(x)
      |                                    ^
In file included from /usr/include/stdio.h:867,
                 from conftest.c:26:
In function 'fgets',
    inlined from 'main' at conftest.c:30:47:
/usr/include/x86_64-linux-gnu/bits/stdio2.h:263:16: warning: call to '__fgets_chk_warn' declared with attribute warning: fgets called with bigger size than length of destination buffer [-Wattribute-warning]
  263 |         return __fgets_chk_warn (__s, __bos (__s), __n, __stream);
      |                ^~~~~~~~~~~~~~~~~~~~~~~~~~~~~~~~~~~~~~~~~~~~~~~~~~
configure:6040: $? = 0
configure:6049: result: yes
configure:6058: checking whether C compiler accepts  -Wall -Wextra -Wbad-function-cast -Wcast-align -Wcast-qual -Wchar-subscripts
configure:6077: gcc -c -g -O2 -fvisibility=hidden -fPIC -fPIE -fno-strict-aliasing -fno-strict-overflow -fstack-protector -Winit-self -Wwrite-strings -Wdiv-by-zero   -Wall -Wextra -Wbad-function-cast -Wcast-align -Wcast-qual -Wchar-subscripts  -D_FORTIFY_SOURCE=2 conftest.c >&5
conftest.c: In function 'main':
conftest.c:30:36: warning: comparison is always true due to limited range of data type [-Wtype-limits]
   30 | char x[42U], fodder = 0;if (fodder > -1000 && fgets(x,1000,stdin)) puts(x)
      |                                    ^
In file included from /usr/include/stdio.h:867,
                 from conftest.c:26:
In function 'fgets',
    inlined from 'main' at conftest.c:30:47:
/usr/include/x86_64-linux-gnu/bits/stdio2.h:263:16: warning: call to '__fgets_chk_warn' declared with attribute warning: fgets called with bigger size than length of destination buffer [-Wattribute-warning]
  263 |         return __fgets_chk_warn (__s, __bos (__s), __n, __stream);
      |                ^~~~~~~~~~~~~~~~~~~~~~~~~~~~~~~~~~~~~~~~~~~~~~~~~~
configure:6077: $? = 0
configure:6086: result: yes
configure:6095: checking whether C compiler accepts  -Wall -Wextra -Wbad-function-cast -Wcast-align -Wcast-qual -Wchar-subscripts -Wcomment
configure:6114: gcc -c -g -O2 -fvisibility=hidden -fPIC -fPIE -fno-strict-aliasing -fno-strict-overflow -fstack-protector -Winit-self -Wwrite-strings -Wdiv-by-zero   -Wall -Wextra -Wbad-function-cast -Wcast-align -Wcast-qual -Wchar-subscripts -Wcomment  -D_FORTIFY_SOURCE=2 conftest.c >&5
conftest.c: In function 'main':
conftest.c:30:36: warning: comparison is always true due to limited range of data type [-Wtype-limits]
   30 | char x[42U], fodder = 0;if (fodder > -1000 && fgets(x,1000,stdin)) puts(x)
      |                                    ^
In file included from /usr/include/stdio.h:867,
                 from conftest.c:26:
In function 'fgets',
    inlined from 'main' at conftest.c:30:47:
/usr/include/x86_64-linux-gnu/bits/stdio2.h:263:16: warning: call to '__fgets_chk_warn' declared with attribute warning: fgets called with bigger size than length of destination buffer [-Wattribute-warning]
  263 |         return __fgets_chk_warn (__s, __bos (__s), __n, __stream);
      |                ^~~~~~~~~~~~~~~~~~~~~~~~~~~~~~~~~~~~~~~~~~~~~~~~~~
configure:6114: $? = 0
configure:6123: result: yes
configure:6132: checking whether C compiler accepts  -Wall -Wextra -Wbad-function-cast -Wcast-align -Wcast-qual -Wchar-subscripts -Wcomment -Wfloat-equal
configure:6151: gcc -c -g -O2 -fvisibility=hidden -fPIC -fPIE -fno-strict-aliasing -fno-strict-overflow -fstack-protector -Winit-self -Wwrite-strings -Wdiv-by-zero   -Wall -Wextra -Wbad-function-cast -Wcast-align -Wcast-qual -Wchar-subscripts -Wcomment -Wfloat-equal  -D_FORTIFY_SOURCE=2 conftest.c >&5
conftest.c: In function 'main':
conftest.c:30:36: warning: comparison is always true due to limited range of data type [-Wtype-limits]
   30 | char x[42U], fodder = 0;if (fodder > -1000 && fgets(x,1000,stdin)) puts(x)
      |                                    ^
In file included from /usr/include/stdio.h:867,
                 from conftest.c:26:
In function 'fgets',
    inlined from 'main' at conftest.c:30:47:
/usr/include/x86_64-linux-gnu/bits/stdio2.h:263:16: warning: call to '__fgets_chk_warn' declared with attribute warning: fgets called with bigger size than length of destination buffer [-Wattribute-warning]
  263 |         return __fgets_chk_warn (__s, __bos (__s), __n, __stream);
      |                ^~~~~~~~~~~~~~~~~~~~~~~~~~~~~~~~~~~~~~~~~~~~~~~~~~
configure:6151: $? = 0
configure:6160: result: yes
configure:6169: checking whether C compiler accepts  -Wall -Wextra -Wbad-function-cast -Wcast-align -Wcast-qual -Wchar-subscripts -Wcomment -Wfloat-equal -Wformat=2
configure:6188: gcc -c -g -O2 -fvisibility=hidden -fPIC -fPIE -fno-strict-aliasing -fno-strict-overflow -fstack-protector -Winit-self -Wwrite-strings -Wdiv-by-zero   -Wall -Wextra -Wbad-function-cast -Wcast-align -Wcast-qual -Wchar-subscripts -Wcomment -Wfloat-equal -Wformat=2  -D_FORTIFY_SOURCE=2 conftest.c >&5
conftest.c: In function 'main':
conftest.c:30:36: warning: comparison is always true due to limited range of data type [-Wtype-limits]
   30 | char x[42U], fodder = 0;if (fodder > -1000 && fgets(x,1000,stdin)) puts(x)
      |                                    ^
In file included from /usr/include/stdio.h:867,
                 from conftest.c:26:
In function 'fgets',
    inlined from 'main' at conftest.c:30:47:
/usr/include/x86_64-linux-gnu/bits/stdio2.h:263:16: warning: call to '__fgets_chk_warn' declared with attribute warning: fgets called with bigger size than length of destination buffer [-Wattribute-warning]
  263 |         return __fgets_chk_warn (__s, __bos (__s), __n, __stream);
      |                ^~~~~~~~~~~~~~~~~~~~~~~~~~~~~~~~~~~~~~~~~~~~~~~~~~
configure:6188: $? = 0
configure:6197: result: yes
configure:6206: checking whether C compiler accepts  -Wall -Wextra -Wbad-function-cast -Wcast-align -Wcast-qual -Wchar-subscripts -Wcomment -Wfloat-equal -Wformat=2 -Wimplicit
configure:6225: gcc -c -g -O2 -fvisibility=hidden -fPIC -fPIE -fno-strict-aliasing -fno-strict-overflow -fstack-protector -Winit-self -Wwrite-strings -Wdiv-by-zero   -Wall -Wextra -Wbad-function-cast -Wcast-align -Wcast-qual -Wchar-subscripts -Wcomment -Wfloat-equal -Wformat=2 -Wimplicit  -D_FORTIFY_SOURCE=2 conftest.c >&5
conftest.c: In function 'main':
conftest.c:30:36: warning: comparison is always true due to limited range of data type [-Wtype-limits]
   30 | char x[42U], fodder = 0;if (fodder > -1000 && fgets(x,1000,stdin)) puts(x)
      |                                    ^
In file included from /usr/include/stdio.h:867,
                 from conftest.c:26:
In function 'fgets',
    inlined from 'main' at conftest.c:30:47:
/usr/include/x86_64-linux-gnu/bits/stdio2.h:263:16: warning: call to '__fgets_chk_warn' declared with attribute warning: fgets called with bigger size than length of destination buffer [-Wattribute-warning]
  263 |         return __fgets_chk_warn (__s, __bos (__s), __n, __stream);
      |                ^~~~~~~~~~~~~~~~~~~~~~~~~~~~~~~~~~~~~~~~~~~~~~~~~~
configure:6225: $? = 0
configure:6234: result: yes
configure:6243: checking whether C compiler accepts  -Wall -Wextra -Wbad-function-cast -Wcast-align -Wcast-qual -Wchar-subscripts -Wcomment -Wfloat-equal -Wformat=2 -Wimplicit -Wmissing-declarations
configure:6262: gcc -c -g -O2 -fvisibility=hidden -fPIC -fPIE -fno-strict-aliasing -fno-strict-overflow -fstack-protector -Winit-self -Wwrite-strings -Wdiv-by-zero   -Wall -Wextra -Wbad-function-cast -Wcast-align -Wcast-qual -Wchar-subscripts -Wcomment -Wfloat-equal -Wformat=2 -Wimplicit -Wmissing-declarations  -D_FORTIFY_SOURCE=2 conftest.c >&5
conftest.c: In function 'main':
conftest.c:30:36: warning: comparison is always true due to limited range of data type [-Wtype-limits]
   30 | char x[42U], fodder = 0;if (fodder > -1000 && fgets(x,1000,stdin)) puts(x)
      |                                    ^
In file included from /usr/include/stdio.h:867,
                 from conftest.c:26:
In function 'fgets',
    inlined from 'main' at conftest.c:30:47:
/usr/include/x86_64-linux-gnu/bits/stdio2.h:263:16: warning: call to '__fgets_chk_warn' declared with attribute warning: fgets called with bigger size than length of destination buffer [-Wattribute-warning]
  263 |         return __fgets_chk_warn (__s, __bos (__s), __n, __stream);
      |                ^~~~~~~~~~~~~~~~~~~~~~~~~~~~~~~~~~~~~~~~~~~~~~~~~~
configure:6262: $? = 0
configure:6271: result: yes
configure:6280: checking whether C compiler accepts  -Wall -Wextra -Wbad-function-cast -Wcast-align -Wcast-qual -Wchar-subscripts -Wcomment -Wfloat-equal -Wformat=2 -Wimplicit -Wmissing-declarations -Wmissing-prototypes
configure:6299: gcc -c -g -O2 -fvisibility=hidden -fPIC -fPIE -fno-strict-aliasing -fno-strict-overflow -fstack-protector -Winit-self -Wwrite-strings -Wdiv-by-zero   -Wall -Wextra -Wbad-function-cast -Wcast-align -Wcast-qual -Wchar-subscripts -Wcomment -Wfloat-equal -Wformat=2 -Wimplicit -Wmissing-declarations -Wmissing-prototypes  -D_FORTIFY_SOURCE=2 conftest.c >&5
conftest.c: In function 'main':
conftest.c:30:36: warning: comparison is always true due to limited range of data type [-Wtype-limits]
   30 | char x[42U], fodder = 0;if (fodder > -1000 && fgets(x,1000,stdin)) puts(x)
      |                                    ^
In file included from /usr/include/stdio.h:867,
                 from conftest.c:26:
In function 'fgets',
    inlined from 'main' at conftest.c:30:47:
/usr/include/x86_64-linux-gnu/bits/stdio2.h:263:16: warning: call to '__fgets_chk_warn' declared with attribute warning: fgets called with bigger size than length of destination buffer [-Wattribute-warning]
  263 |         return __fgets_chk_warn (__s, __bos (__s), __n, __stream);
      |                ^~~~~~~~~~~~~~~~~~~~~~~~~~~~~~~~~~~~~~~~~~~~~~~~~~
configure:6299: $? = 0
configure:6308: result: yes
configure:6317: checking whether C compiler accepts  -Wall -Wextra -Wbad-function-cast -Wcast-align -Wcast-qual -Wchar-subscripts -Wcomment -Wfloat-equal -Wformat=2 -Wimplicit -Wmissing-declarations -Wmissing-prototypes -Wnormalized=id
configure:6336: gcc -c -g -O2 -fvisibility=hidden -fPIC -fPIE -fno-strict-aliasing -fno-strict-overflow -fstack-protector -Winit-self -Wwrite-strings -Wdiv-by-zero   -Wall -Wextra -Wbad-function-cast -Wcast-align -Wcast-qual -Wchar-subscripts -Wcomment -Wfloat-equal -Wformat=2 -Wimplicit -Wmissing-declarations -Wmissing-prototypes -Wnormalized=id  -D_FORTIFY_SOURCE=2 conftest.c >&5
conftest.c: In function 'main':
conftest.c:30:36: warning: comparison is always true due to limited range of data type [-Wtype-limits]
   30 | char x[42U], fodder = 0;if (fodder > -1000 && fgets(x,1000,stdin)) puts(x)
      |                                    ^
In file included from /usr/include/stdio.h:867,
                 from conftest.c:26:
In function 'fgets',
    inlined from 'main' at conftest.c:30:47:
/usr/include/x86_64-linux-gnu/bits/stdio2.h:263:16: warning: call to '__fgets_chk_warn' declared with attribute warning: fgets called with bigger size than length of destination buffer [-Wattribute-warning]
  263 |         return __fgets_chk_warn (__s, __bos (__s), __n, __stream);
      |                ^~~~~~~~~~~~~~~~~~~~~~~~~~~~~~~~~~~~~~~~~~~~~~~~~~
configure:6336: $? = 0
configure:6345: result: yes
configure:6354: checking whether C compiler accepts  -Wall -Wextra -Wbad-function-cast -Wcast-align -Wcast-qual -Wchar-subscripts -Wcomment -Wfloat-equal -Wformat=2 -Wimplicit -Wmissing-declarations -Wmissing-prototypes -Wnormalized=id -Woverride-init
configure:6373: gcc -c -g -O2 -fvisibility=hidden -fPIC -fPIE -fno-strict-aliasing -fno-strict-overflow -fstack-protector -Winit-self -Wwrite-strings -Wdiv-by-zero   -Wall -Wextra -Wbad-function-cast -Wcast-align -Wcast-qual -Wchar-subscripts -Wcomment -Wfloat-equal -Wformat=2 -Wimplicit -Wmissing-declarations -Wmissing-prototypes -Wnormalized=id -Woverride-init  -D_FORTIFY_SOURCE=2 conftest.c >&5
conftest.c: In function 'main':
conftest.c:30:36: warning: comparison is always true due to limited range of data type [-Wtype-limits]
   30 | char x[42U], fodder = 0;if (fodder > -1000 && fgets(x,1000,stdin)) puts(x)
      |                                    ^
In file included from /usr/include/stdio.h:867,
                 from conftest.c:26:
In function 'fgets',
    inlined from 'main' at conftest.c:30:47:
/usr/include/x86_64-linux-gnu/bits/stdio2.h:263:16: warning: call to '__fgets_chk_warn' declared with attribute warning: fgets called with bigger size than length of destination buffer [-Wattribute-warning]
  263 |         return __fgets_chk_warn (__s, __bos (__s), __n, __stream);
      |                ^~~~~~~~~~~~~~~~~~~~~~~~~~~~~~~~~~~~~~~~~~~~~~~~~~
configure:6373: $? = 0
configure:6382: result: yes
configure:6391: checking whether C compiler accepts  -Wall -Wextra -Wbad-function-cast -Wcast-align -Wcast-qual -Wchar-subscripts -Wcomment -Wfloat-equal -Wformat=2 -Wimplicit -Wmissing-declarations -Wmissing-prototypes -Wnormalized=id -Woverride-init -Wparentheses
configure:6410: gcc -c -g -O2 -fvisibility=hidden -fPIC -fPIE -fno-strict-aliasing -fno-strict-overflow -fstack-protector -Winit-self -Wwrite-strings -Wdiv-by-zero   -Wall -Wextra -Wbad-function-cast -Wcast-align -Wcast-qual -Wchar-subscripts -Wcomment -Wfloat-equal -Wformat=2 -Wimplicit -Wmissing-declarations -Wmissing-prototypes -Wnormalized=id -Woverride-init -Wparentheses  -D_FORTIFY_SOURCE=2 conftest.c >&5
conftest.c: In function 'main':
conftest.c:30:36: warning: comparison is always true due to limited range of data type [-Wtype-limits]
   30 | char x[42U], fodder = 0;if (fodder > -1000 && fgets(x,1000,stdin)) puts(x)
      |                                    ^
In file included from /usr/include/stdio.h:867,
                 from conftest.c:26:
In function 'fgets',
    inlined from 'main' at conftest.c:30:47:
/usr/include/x86_64-linux-gnu/bits/stdio2.h:263:16: warning: call to '__fgets_chk_warn' declared with attribute warning: fgets called with bigger size than length of destination buffer [-Wattribute-warning]
  263 |         return __fgets_chk_warn (__s, __bos (__s), __n, __stream);
      |                ^~~~~~~~~~~~~~~~~~~~~~~~~~~~~~~~~~~~~~~~~~~~~~~~~~
configure:6410: $? = 0
configure:6419: result: yes
configure:6428: checking whether C compiler accepts  -Wall -Wextra -Wbad-function-cast -Wcast-align -Wcast-qual -Wchar-subscripts -Wcomment -Wfloat-equal -Wformat=2 -Wimplicit -Wmissing-declarations -Wmissing-prototypes -Wnormalized=id -Woverride-init -Wparentheses -Wpointer-arith
configure:6447: gcc -c -g -O2 -fvisibility=hidden -fPIC -fPIE -fno-strict-aliasing -fno-strict-overflow -fstack-protector -Winit-self -Wwrite-strings -Wdiv-by-zero   -Wall -Wextra -Wbad-function-cast -Wcast-align -Wcast-qual -Wchar-subscripts -Wcomment -Wfloat-equal -Wformat=2 -Wimplicit -Wmissing-declarations -Wmissing-prototypes -Wnormalized=id -Woverride-init -Wparentheses -Wpointer-arith  -D_FORTIFY_SOURCE=2 conftest.c >&5
conftest.c: In function 'main':
conftest.c:30:36: warning: comparison is always true due to limited range of data type [-Wtype-limits]
   30 | char x[42U], fodder = 0;if (fodder > -1000 && fgets(x,1000,stdin)) puts(x)
      |                                    ^
In file included from /usr/include/stdio.h:867,
                 from conftest.c:26:
In function 'fgets',
    inlined from 'main' at conftest.c:30:47:
/usr/include/x86_64-linux-gnu/bits/stdio2.h:263:16: warning: call to '__fgets_chk_warn' declared with attribute warning: fgets called with bigger size than length of destination buffer [-Wattribute-warning]
  263 |         return __fgets_chk_warn (__s, __bos (__s), __n, __stream);
      |                ^~~~~~~~~~~~~~~~~~~~~~~~~~~~~~~~~~~~~~~~~~~~~~~~~~
configure:6447: $? = 0
configure:6456: result: yes
configure:6465: checking whether C compiler accepts  -Wall -Wextra -Wbad-function-cast -Wcast-align -Wcast-qual -Wchar-subscripts -Wcomment -Wfloat-equal -Wformat=2 -Wimplicit -Wmissing-declarations -Wmissing-prototypes -Wnormalized=id -Woverride-init -Wparentheses -Wpointer-arith -Wredundant-decls
configure:6484: gcc -c -g -O2 -fvisibility=hidden -fPIC -fPIE -fno-strict-aliasing -fno-strict-overflow -fstack-protector -Winit-self -Wwrite-strings -Wdiv-by-zero   -Wall -Wextra -Wbad-function-cast -Wcast-align -Wcast-qual -Wchar-subscripts -Wcomment -Wfloat-equal -Wformat=2 -Wimplicit -Wmissing-declarations -Wmissing-prototypes -Wnormalized=id -Woverride-init -Wparentheses -Wpointer-arith -Wredundant-decls  -D_FORTIFY_SOURCE=2 conftest.c >&5
conftest.c: In function 'main':
conftest.c:30:36: warning: comparison is always true due to limited range of data type [-Wtype-limits]
   30 | char x[42U], fodder = 0;if (fodder > -1000 && fgets(x,1000,stdin)) puts(x)
      |                                    ^
In file included from /usr/include/stdio.h:867,
                 from conftest.c:26:
In function 'fgets',
    inlined from 'main' at conftest.c:30:47:
/usr/include/x86_64-linux-gnu/bits/stdio2.h:263:16: warning: call to '__fgets_chk_warn' declared with attribute warning: fgets called with bigger size than length of destination buffer [-Wattribute-warning]
  263 |         return __fgets_chk_warn (__s, __bos (__s), __n, __stream);
      |                ^~~~~~~~~~~~~~~~~~~~~~~~~~~~~~~~~~~~~~~~~~~~~~~~~~
configure:6484: $? = 0
configure:6493: result: yes
configure:6502: checking whether C compiler accepts  -Wall -Wextra -Wbad-function-cast -Wcast-align -Wcast-qual -Wchar-subscripts -Wcomment -Wfloat-equal -Wformat=2 -Wimplicit -Wmissing-declarations -Wmissing-prototypes -Wnormalized=id -Woverride-init -Wparentheses -Wpointer-arith -Wredundant-decls -Wstrict-prototypes
configure:6521: gcc -c -g -O2 -fvisibility=hidden -fPIC -fPIE -fno-strict-aliasing -fno-strict-overflow -fstack-protector -Winit-self -Wwrite-strings -Wdiv-by-zero   -Wall -Wextra -Wbad-function-cast -Wcast-align -Wcast-qual -Wchar-subscripts -Wcomment -Wfloat-equal -Wformat=2 -Wimplicit -Wmissing-declarations -Wmissing-prototypes -Wnormalized=id -Woverride-init -Wparentheses -Wpointer-arith -Wredundant-decls -Wstrict-prototypes  -D_FORTIFY_SOURCE=2 conftest.c >&5
conftest.c:28:1: warning: function declaration isn't a prototype [-Wstrict-prototypes]
   28 | main ()
      | ^~~~
conftest.c: In function 'main':
conftest.c:30:36: warning: comparison is always true due to limited range of data type [-Wtype-limits]
   30 | char x[42U], fodder = 0;if (fodder > -1000 && fgets(x,1000,stdin)) puts(x)
      |                                    ^
In file included from /usr/include/stdio.h:867,
                 from conftest.c:26:
In function 'fgets',
    inlined from 'main' at conftest.c:30:47:
/usr/include/x86_64-linux-gnu/bits/stdio2.h:263:16: warning: call to '__fgets_chk_warn' declared with attribute warning: fgets called with bigger size than length of destination buffer [-Wattribute-warning]
  263 |         return __fgets_chk_warn (__s, __bos (__s), __n, __stream);
      |                ^~~~~~~~~~~~~~~~~~~~~~~~~~~~~~~~~~~~~~~~~~~~~~~~~~
configure:6521: $? = 0
configure:6530: result: yes
configure:6539: checking whether C compiler accepts  -Wall -Wextra -Wbad-function-cast -Wcast-align -Wcast-qual -Wchar-subscripts -Wcomment -Wfloat-equal -Wformat=2 -Wimplicit -Wmissing-declarations -Wmissing-prototypes -Wnormalized=id -Woverride-init -Wparentheses -Wpointer-arith -Wredundant-decls -Wstrict-prototypes -Wswitch-enum
configure:6558: gcc -c -g -O2 -fvisibility=hidden -fPIC -fPIE -fno-strict-aliasing -fno-strict-overflow -fstack-protector -Winit-self -Wwrite-strings -Wdiv-by-zero   -Wall -Wextra -Wbad-function-cast -Wcast-align -Wcast-qual -Wchar-subscripts -Wcomment -Wfloat-equal -Wformat=2 -Wimplicit -Wmissing-declarations -Wmissing-prototypes -Wnormalized=id -Woverride-init -Wparentheses -Wpointer-arith -Wredundant-decls -Wstrict-prototypes -Wswitch-enum  -D_FORTIFY_SOURCE=2 conftest.c >&5
conftest.c:28:1: warning: function declaration isn't a prototype [-Wstrict-prototypes]
   28 | main ()
      | ^~~~
conftest.c: In function 'main':
conftest.c:30:36: warning: comparison is always true due to limited range of data type [-Wtype-limits]
   30 | char x[42U], fodder = 0;if (fodder > -1000 && fgets(x,1000,stdin)) puts(x)
      |                                    ^
In file included from /usr/include/stdio.h:867,
                 from conftest.c:26:
In function 'fgets',
    inlined from 'main' at conftest.c:30:47:
/usr/include/x86_64-linux-gnu/bits/stdio2.h:263:16: warning: call to '__fgets_chk_warn' declared with attribute warning: fgets called with bigger size than length of destination buffer [-Wattribute-warning]
  263 |         return __fgets_chk_warn (__s, __bos (__s), __n, __stream);
      |                ^~~~~~~~~~~~~~~~~~~~~~~~~~~~~~~~~~~~~~~~~~~~~~~~~~
configure:6558: $? = 0
configure:6567: result: yes
configure:6576: checking whether C compiler accepts  -Wall -Wextra -Wbad-function-cast -Wcast-align -Wcast-qual -Wchar-subscripts -Wcomment -Wfloat-equal -Wformat=2 -Wimplicit -Wmissing-declarations -Wmissing-prototypes -Wnormalized=id -Woverride-init -Wparentheses -Wpointer-arith -Wredundant-decls -Wstrict-prototypes -Wswitch-enum -Wvariable-decl
configure:6595: gcc -c -g -O2 -fvisibility=hidden -fPIC -fPIE -fno-strict-aliasing -fno-strict-overflow -fstack-protector -Winit-self -Wwrite-strings -Wdiv-by-zero   -Wall -Wextra -Wbad-function-cast -Wcast-align -Wcast-qual -Wchar-subscripts -Wcomment -Wfloat-equal -Wformat=2 -Wimplicit -Wmissing-declarations -Wmissing-prototypes -Wnormalized=id -Woverride-init -Wparentheses -Wpointer-arith -Wredundant-decls -Wstrict-prototypes -Wswitch-enum -Wvariable-decl  -D_FORTIFY_SOURCE=2 conftest.c >&5
gcc: error: unrecognized command-line option '-Wvariable-decl'
configure:6595: $? = 1
configure: failed program was:
| /* confdefs.h */
| #define PACKAGE_NAME "libsodium"
| #define PACKAGE_TARNAME "libsodium"
| #define PACKAGE_VERSION "1.0.3"
| #define PACKAGE_STRING "libsodium 1.0.3"
| #define PACKAGE_BUGREPORT "https://github.com/jedisct1/libsodium/issues"
| #define PACKAGE_URL "https://github.com/jedisct1/libsodium"
| #define PACKAGE "libsodium"
| #define VERSION "1.0.3"
| #define STDC_HEADERS 1
| #define HAVE_SYS_TYPES_H 1
| #define HAVE_SYS_STAT_H 1
| #define HAVE_STDLIB_H 1
| #define HAVE_STRING_H 1
| #define HAVE_MEMORY_H 1
| #define HAVE_STRINGS_H 1
| #define HAVE_INTTYPES_H 1
| #define HAVE_STDINT_H 1
| #define HAVE_UNISTD_H 1
| #define __EXTENSIONS__ 1
| #define _ALL_SOURCE 1
| #define _GNU_SOURCE 1
| #define _POSIX_PTHREAD_SEMANTICS 1
| #define _TANDEM_SOURCE 1
| /* end confdefs.h.  */
| #include <stdio.h>
| int
| main ()
| {
| char x[42U], fodder = 0;if (fodder > -1000 && fgets(x,1000,stdin)) puts(x)
|   ;
|   return 0;
| }
configure:6604: result: no
configure:6613: checking whether the linker accepts -Wl,-z,relro
configure:6632: gcc -o conftest -g -O2 -fvisibility=hidden -fPIC -fPIE -fno-strict-aliasing -fno-strict-overflow -fstack-protector -Winit-self -Wwrite-strings -Wdiv-by-zero  -D_FORTIFY_SOURCE=2  -pie  -Wl,-z,relro conftest.c  >&5
In file included from /usr/include/stdio.h:867,
                 from conftest.c:26:
In function 'fgets',
    inlined from 'main' at conftest.c:30:17:
/usr/include/x86_64-linux-gnu/bits/stdio2.h:263:16: warning: call to '__fgets_chk_warn' declared with attribute warning: fgets called with bigger size than length of destination buffer [-Wattribute-warning]
  263 |         return __fgets_chk_warn (__s, __bos (__s), __n, __stream);
      |                ^~~~~~~~~~~~~~~~~~~~~~~~~~~~~~~~~~~~~~~~~~~~~~~~~~
configure:6632: $? = 0
configure:6641: result: yes
configure:6649: checking whether the linker accepts -Wl,-z,now
configure:6668: gcc -o conftest -g -O2 -fvisibility=hidden -fPIC -fPIE -fno-strict-aliasing -fno-strict-overflow -fstack-protector -Winit-self -Wwrite-strings -Wdiv-by-zero  -D_FORTIFY_SOURCE=2  -pie -Wl,-z,relro  -Wl,-z,now conftest.c  >&5
In file included from /usr/include/stdio.h:867,
                 from conftest.c:26:
In function 'fgets',
    inlined from 'main' at conftest.c:30:17:
/usr/include/x86_64-linux-gnu/bits/stdio2.h:263:16: warning: call to '__fgets_chk_warn' declared with attribute warning: fgets called with bigger size than length of destination buffer [-Wattribute-warning]
  263 |         return __fgets_chk_warn (__s, __bos (__s), __n, __stream);
      |                ^~~~~~~~~~~~~~~~~~~~~~~~~~~~~~~~~~~~~~~~~~~~~~~~~~
configure:6668: $? = 0
configure:6677: result: yes
configure:6685: checking whether the linker accepts -Wl,-z,noexecstack
configure:6704: gcc -o conftest -g -O2 -fvisibility=hidden -fPIC -fPIE -fno-strict-aliasing -fno-strict-overflow -fstack-protector -Winit-self -Wwrite-strings -Wdiv-by-zero  -D_FORTIFY_SOURCE=2  -pie -Wl,-z,relro -Wl,-z,now  -Wl,-z,noexecstack conftest.c  >&5
In file included from /usr/include/stdio.h:867,
                 from conftest.c:26:
In function 'fgets',
    inlined from 'main' at conftest.c:30:17:
/usr/include/x86_64-linux-gnu/bits/stdio2.h:263:16: warning: call to '__fgets_chk_warn' declared with attribute warning: fgets called with bigger size than length of destination buffer [-Wattribute-warning]
  263 |         return __fgets_chk_warn (__s, __bos (__s), __n, __stream);
      |                ^~~~~~~~~~~~~~~~~~~~~~~~~~~~~~~~~~~~~~~~~~~~~~~~~~
configure:6704: $? = 0
configure:6713: result: yes
configure:6768: checking how to print strings
configure:6795: result: printf
configure:6816: checking for a sed that does not truncate output
configure:6880: result: /usr/bin/sed
configure:6898: checking for fgrep
configure:6960: result: /usr/bin/grep -F
configure:6995: checking for ld used by gcc
configure:7062: result: /usr/bin/ld
configure:7069: checking if the linker (/usr/bin/ld) is GNU ld
configure:7084: result: yes
configure:7096: checking for BSD- or MS-compatible name lister (nm)
configure:7150: result: /usr/bin/nm -B
configure:7280: checking the name lister (/usr/bin/nm -B) interface
configure:7287: gcc -c -g -O2 -fvisibility=hidden -fPIC -fPIE -fno-strict-aliasing -fno-strict-overflow -fstack-protector -Winit-self -Wwrite-strings -Wdiv-by-zero  -D_FORTIFY_SOURCE=2 conftest.c >&5
configure:7290: /usr/bin/nm -B "conftest.o"
configure:7293: output
0000000000000000 B some_variable
configure:7294: result: BSD nm
configure:7297: checking whether ln -s works
configure:7301: result: yes
configure:7309: checking the maximum length of command line arguments
configure:7440: result: 1572864
configure:7488: checking how to convert x86_64-unknown-linux-gnu file names to x86_64-unknown-linux-gnu format
configure:7528: result: func_convert_file_noop
configure:7535: checking how to convert x86_64-unknown-linux-gnu file names to toolchain format
configure:7555: result: func_convert_file_noop
configure:7562: checking for /usr/bin/ld option to reload object files
configure:7569: result: -r
configure:7643: checking for objdump
configure:7659: found /usr/bin/objdump
configure:7670: result: objdump
configure:7702: checking how to recognize dependent libraries
configure:7902: result: pass_all
configure:7987: checking for dlltool
configure:8017: result: no
configure:8047: checking how to associate runtime and link libraries
configure:8074: result: printf %s\n
configure:8134: checking for ar
configure:8150: found /usr/bin/ar
configure:8161: result: ar
configure:8198: checking for archiver @FILE support
configure:8215: gcc -c -g -O2 -fvisibility=hidden -fPIC -fPIE -fno-strict-aliasing -fno-strict-overflow -fstack-protector -Winit-self -Wwrite-strings -Wdiv-by-zero  -D_FORTIFY_SOURCE=2 conftest.c >&5
configure:8215: $? = 0
configure:8218: ar cru libconftest.a @conftest.lst >&5
ar: `u' modifier ignored since `D' is the default (see `U')
configure:8221: $? = 0
configure:8226: ar cru libconftest.a @conftest.lst >&5
ar: `u' modifier ignored since `D' is the default (see `U')
ar: conftest.o: No such file or directory
configure:8229: $? = 1
configure:8228: result: @
configure:8286: checking for strip
configure:8302: found /usr/bin/strip
configure:8313: result: strip
configure:8385: checking for ranlib
configure:8401: found /usr/bin/ranlib
configure:8412: result: ranlib
configure:8514: checking command to parse /usr/bin/nm -B output from gcc object
configure:8667: gcc -c -g -O2 -fvisibility=hidden -fPIC -fPIE -fno-strict-aliasing -fno-strict-overflow -fstack-protector -Winit-self -Wwrite-strings -Wdiv-by-zero  -D_FORTIFY_SOURCE=2 conftest.c >&5
configure:8670: $? = 0
configure:8674: /usr/bin/nm -B conftest.o \| sed -n -e 's/^.*[ ]\([ABCDGIRSTW][ABCDGIRSTW]*\)[ ][ ]*\([_A-Za-z][_A-Za-z0-9]*\)$/\1 \2 \2/p' | sed '/ __gnu_lto/d' \> conftest.nm
configure:8677: $? = 0
configure:8743: gcc -o conftest -g -O2 -fvisibility=hidden -fPIC -fPIE -fno-strict-aliasing -fno-strict-overflow -fstack-protector -Winit-self -Wwrite-strings -Wdiv-by-zero  -D_FORTIFY_SOURCE=2  -pie -Wl,-z,relro -Wl,-z,now -Wl,-z,noexecstack conftest.c conftstm.o >&5
configure:8746: $? = 0
configure:8784: result: ok
configure:8831: checking for sysroot
configure:8861: result: no
configure:8868: checking for a working dd
configure:8906: result: /usr/bin/dd
configure:8910: checking how to truncate binary pipes
configure:8925: result: /usr/bin/dd bs=4096 count=1
configure:9061: gcc -c -g -O2 -fvisibility=hidden -fPIC -fPIE -fno-strict-aliasing -fno-strict-overflow -fstack-protector -Winit-self -Wwrite-strings -Wdiv-by-zero  -D_FORTIFY_SOURCE=2 conftest.c >&5
configure:9064: $? = 0
configure:9254: checking for mt
configure:9270: found /usr/bin/mt
configure:9281: result: mt
configure:9304: checking if mt is a manifest tool
configure:9310: mt '-?'
configure:9318: result: no
configure:9992: checking for dlfcn.h
configure:9992: gcc -c -g -O2 -fvisibility=hidden -fPIC -fPIE -fno-strict-aliasing -fno-strict-overflow -fstack-protector -Winit-self -Wwrite-strings -Wdiv-by-zero  -D_FORTIFY_SOURCE=2 conftest.c >&5
configure:9992: $? = 0
configure:9992: result: yes
configure:10248: checking for objdir
configure:10263: result: .libs
configure:10527: checking if gcc supports -fno-rtti -fno-exceptions
configure:10545: gcc -c -g -O2 -fvisibility=hidden -fPIC -fPIE -fno-strict-aliasing -fno-strict-overflow -fstack-protector -Winit-self -Wwrite-strings -Wdiv-by-zero  -D_FORTIFY_SOURCE=2 -fno-rtti -fno-exceptions conftest.c >&5
cc1: warning: command-line option '-fno-rtti' is valid for C++/D/ObjC++ but not for C
configure:10549: $? = 0
configure:10562: result: no
configure:10920: checking for gcc option to produce PIC
configure:10927: result: -fPIC -DPIC
configure:10935: checking if gcc PIC flag -fPIC -DPIC works
configure:10953: gcc -c -g -O2 -fvisibility=hidden -fPIC -fPIE -fno-strict-aliasing -fno-strict-overflow -fstack-protector -Winit-self -Wwrite-strings -Wdiv-by-zero  -D_FORTIFY_SOURCE=2 -fPIC -DPIC -DPIC conftest.c >&5
configure:10957: $? = 0
configure:10970: result: yes
configure:10999: checking if gcc static flag -static works
configure:11027: result: yes
configure:11042: checking if gcc supports -c -o file.o
configure:11063: gcc -c -g -O2 -fvisibility=hidden -fPIC -fPIE -fno-strict-aliasing -fno-strict-overflow -fstack-protector -Winit-self -Wwrite-strings -Wdiv-by-zero  -D_FORTIFY_SOURCE=2 -o out/conftest2.o conftest.c >&5
configure:11067: $? = 0
configure:11089: result: yes
configure:11097: checking if gcc supports -c -o file.o
configure:11144: result: yes
configure:11177: checking whether the gcc linker (/usr/bin/ld -m elf_x86_64) supports shared libraries
configure:12436: result: yes
configure:12473: checking whether -lc should be explicitly linked in
configure:12481: gcc -c -g -O2 -fvisibility=hidden -fPIC -fPIE -fno-strict-aliasing -fno-strict-overflow -fstack-protector -Winit-self -Wwrite-strings -Wdiv-by-zero  -D_FORTIFY_SOURCE=2 conftest.c >&5
configure:12484: $? = 0
configure:12499: gcc -shared  -fPIC -DPIC conftest.o  -v -Wl,-soname -Wl,conftest -o conftest 2\>\&1 \| /usr/bin/grep  -lc  \>/dev/null 2\>\&1
configure:12502: $? = 0
configure:12516: result: no
configure:12676: checking dynamic linker characteristics
configure:13257: gcc -o conftest -g -O2 -fvisibility=hidden -fPIC -fPIE -fno-strict-aliasing -fno-strict-overflow -fstack-protector -Winit-self -Wwrite-strings -Wdiv-by-zero  -D_FORTIFY_SOURCE=2  -pie -Wl,-z,relro -Wl,-z,now -Wl,-z,noexecstack -Wl,-rpath -Wl,/foo conftest.c  >&5
configure:13257: $? = 0
configure:13494: result: GNU/Linux ld.so
configure:13616: checking how to hardcode library paths into programs
configure:13641: result: immediate
configure:14189: checking whether stripping libraries is possible
configure:14194: result: yes
configure:14229: checking if libtool supports shared libraries
configure:14231: result: yes
configure:14234: checking whether to build shared libraries
configure:14259: result: yes
configure:14262: checking whether to build static libraries
configure:14266: result: yes
configure:11141: checking for ar
configure:11168: result: ar
configure:11195: checking for MMX instructions set
configure:11211: gcc -c -g -O2 -fvisibility=hidden -fPIC -fPIE -fno-strict-aliasing -fno-strict-overflow -fstack-protector -Winit-self -Wwrite-strings -Wdiv-by-zero  -D_FORTIFY_SOURCE=2 conftest.c >&5
configure:11211: $? = 0
configure:11212: result: yes
configure:11223: checking for SSE2 instructions set
configure:11239: gcc -c -g -O2 -fvisibility=hidden -fPIC -fPIE -fno-strict-aliasing -fno-strict-overflow -fstack-protector -Winit-self -Wwrite-strings -Wdiv-by-zero  -D_FORTIFY_SOURCE=2 conftest.c >&5
configure:11239: $? = 0
configure:11240: result: yes
configure:11251: checking for SSE3 instructions set
configure:11268: gcc -c -g -O2 -fvisibility=hidden -fPIC -fPIE -fno-strict-aliasing -fno-strict-overflow -fstack-protector -Winit-self -Wwrite-strings -Wdiv-by-zero  -D_FORTIFY_SOURCE=2 conftest.c >&5
configure:11268: $? = 0
configure:11269: result: yes
configure:11280: checking for SSSE3 instructions set
configure:11296: gcc -c -g -O2 -fvisibility=hidden -fPIC -fPIE -fno-strict-aliasing -fno-strict-overflow -fstack-protector -Winit-self -Wwrite-strings -Wdiv-by-zero  -D_FORTIFY_SOURCE=2 conftest.c >&5
configure:11296: $? = 0
configure:11297: result: yes
configure:11312: checking sys/mman.h usability
configure:11312: gcc -c -g -O2 -fvisibility=hidden -fPIC -fPIE -fno-strict-aliasing -fno-strict-overflow -fstack-protector -Winit-self -Wwrite-strings -Wdiv-by-zero  -D_FORTIFY_SOURCE=2 conftest.c >&5
configure:11312: $? = 0
configure:11312: result: yes
configure:11312: checking sys/mman.h presence
configure:11312: gcc -E  -D_FORTIFY_SOURCE=2 conftest.c
configure:11312: $? = 0
configure:11312: result: yes
configure:11312: checking for sys/mman.h
configure:11312: result: yes
configure:11324: checking for inline
configure:11340: gcc -c -g -O2 -fvisibility=hidden -fPIC -fPIE -fno-strict-aliasing -fno-strict-overflow -fstack-protector -Winit-self -Wwrite-strings -Wdiv-by-zero  -D_FORTIFY_SOURCE=2 conftest.c >&5
configure:11340: $? = 0
configure:11348: result: inline
configure:11366: checking whether byte ordering is bigendian
configure:11381: gcc -c -g -O2 -fvisibility=hidden -fPIC -fPIE -fno-strict-aliasing -fno-strict-overflow -fstack-protector -Winit-self -Wwrite-strings -Wdiv-by-zero  -D_FORTIFY_SOURCE=2 conftest.c >&5
conftest.c:34:16: error: unknown type name 'not'
   34 |                not a universal capable compiler
      |                ^~~
conftest.c:34:22: error: expected '=', ',', ';', 'asm' or '__attribute__' before 'universal'
   34 |                not a universal capable compiler
      |                      ^~~~~~~~~
conftest.c:34:22: error: unknown type name 'universal'
configure:11381: $? = 1
configure: failed program was:
| /* confdefs.h */
| #define PACKAGE_NAME "libsodium"
| #define PACKAGE_TARNAME "libsodium"
| #define PACKAGE_VERSION "1.0.3"
| #define PACKAGE_STRING "libsodium 1.0.3"
| #define PACKAGE_BUGREPORT "https://github.com/jedisct1/libsodium/issues"
| #define PACKAGE_URL "https://github.com/jedisct1/libsodium"
| #define PACKAGE "libsodium"
| #define VERSION "1.0.3"
| #define STDC_HEADERS 1
| #define HAVE_SYS_TYPES_H 1
| #define HAVE_SYS_STAT_H 1
| #define HAVE_STDLIB_H 1
| #define HAVE_STRING_H 1
| #define HAVE_MEMORY_H 1
| #define HAVE_STRINGS_H 1
| #define HAVE_INTTYPES_H 1
| #define HAVE_STDINT_H 1
| #define HAVE_UNISTD_H 1
| #define __EXTENSIONS__ 1
| #define _ALL_SOURCE 1
| #define _GNU_SOURCE 1
| #define _POSIX_PTHREAD_SEMANTICS 1
| #define _TANDEM_SOURCE 1
| #define HAVE_DLFCN_H 1
| #define LT_OBJDIR ".libs/"
| #define HAVE_MMINTRIN_H 1
| #define HAVE_EMMINTRIN_H 1
| #define HAVE_PMMINTRIN_H 1
| #define HAVE_TMMINTRIN_H 1
| #define HAVE_SYS_MMAN_H 1
| /* end confdefs.h.  */
| #ifndef __APPLE_CC__
| 	       not a universal capable compiler
| 	     #endif
| 	     typedef int dummy;
| 
configure:11426: gcc -c -g -O2 -fvisibility=hidden -fPIC -fPIE -fno-strict-aliasing -fno-strict-overflow -fstack-protector -Winit-self -Wwrite-strings -Wdiv-by-zero  -D_FORTIFY_SOURCE=2 conftest.c >&5
configure:11426: $? = 0
configure:11444: gcc -c -g -O2 -fvisibility=hidden -fPIC -fPIE -fno-strict-aliasing -fno-strict-overflow -fstack-protector -Winit-self -Wwrite-strings -Wdiv-by-zero  -D_FORTIFY_SOURCE=2 conftest.c >&5
conftest.c: In function 'main':
conftest.c:40:18: error: unknown type name 'not'; did you mean 'ino_t'?
   40 |                  not big endian
      |                  ^~~
      |                  ino_t
conftest.c:40:26: error: expected '=', ',', ';', 'asm' or '__attribute__' before 'endian'
   40 |                  not big endian
      |                          ^~~~~~
configure:11444: $? = 1
configure: failed program was:
| /* confdefs.h */
| #define PACKAGE_NAME "libsodium"
| #define PACKAGE_TARNAME "libsodium"
| #define PACKAGE_VERSION "1.0.3"
| #define PACKAGE_STRING "libsodium 1.0.3"
| #define PACKAGE_BUGREPORT "https://github.com/jedisct1/libsodium/issues"
| #define PACKAGE_URL "https://github.com/jedisct1/libsodium"
| #define PACKAGE "libsodium"
| #define VERSION "1.0.3"
| #define STDC_HEADERS 1
| #define HAVE_SYS_TYPES_H 1
| #define HAVE_SYS_STAT_H 1
| #define HAVE_STDLIB_H 1
| #define HAVE_STRING_H 1
| #define HAVE_MEMORY_H 1
| #define HAVE_STRINGS_H 1
| #define HAVE_INTTYPES_H 1
| #define HAVE_STDINT_H 1
| #define HAVE_UNISTD_H 1
| #define __EXTENSIONS__ 1
| #define _ALL_SOURCE 1
| #define _GNU_SOURCE 1
| #define _POSIX_PTHREAD_SEMANTICS 1
| #define _TANDEM_SOURCE 1
| #define HAVE_DLFCN_H 1
| #define LT_OBJDIR ".libs/"
| #define HAVE_MMINTRIN_H 1
| #define HAVE_EMMINTRIN_H 1
| #define HAVE_PMMINTRIN_H 1
| #define HAVE_TMMINTRIN_H 1
| #define HAVE_SYS_MMAN_H 1
| /* end confdefs.h.  */
| #include <sys/types.h>
| 		#include <sys/param.h>
| 
| int
| main ()
| {
| #if BYTE_ORDER != BIG_ENDIAN
| 		 not big endian
| 		#endif
| 
|   ;
|   return 0;
| }
configure:11572: result: no
configure:11592: checking whether __STDC_LIMIT_MACROS is required
configure:11611: gcc -c -g -O2 -fvisibility=hidden -fPIC -fPIE -fno-strict-aliasing -fno-strict-overflow -fstack-protector -Winit-self -Wwrite-strings -Wdiv-by-zero  -D_FORTIFY_SOURCE=2 conftest.c >&5
configure:11611: $? = 0
configure:11612: result: no
configure:11625: checking whether we should use x86_64 asm code
configure:11649: gcc -c -g -O2 -fvisibility=hidden -fPIC -fPIE -fno-strict-aliasing -fno-strict-overflow -fstack-protector -Winit-self -Wwrite-strings -Wdiv-by-zero  -D_FORTIFY_SOURCE=2 conftest.c >&5
configure:11649: $? = 0
configure:11650: result: yes
configure:11673: checking for 128-bit arithmetic
configure:11708: gcc -c -g -O2 -fvisibility=hidden -fPIC -fPIE -fno-strict-aliasing -fno-strict-overflow -fstack-protector -Winit-self -Wwrite-strings -Wdiv-by-zero  -D_FORTIFY_SOURCE=2 conftest.c >&5
conftest.c:40:20: warning: missing terminating ' character
   40 | # error clang doesn't properly compile smult_curve25519_donna_c64.c
      |                    ^
configure:11708: $? = 0
configure:11709: result: yes
configure:11733: checking for cpuid instruction
configure:11752: gcc -c -g -O2 -fvisibility=hidden -fPIC -fPIE -fno-strict-aliasing -fno-strict-overflow -fstack-protector -Winit-self -Wwrite-strings -Wdiv-by-zero  -D_FORTIFY_SOURCE=2 conftest.c >&5
configure:11752: $? = 0
configure:11753: result: yes
configure:11768: checking if weak symbols are supported
configure:11785: gcc -o conftest -g -O2 -fvisibility=hidden -fPIC -fPIE -fno-strict-aliasing -fno-strict-overflow -fstack-protector -Winit-self -Wwrite-strings -Wdiv-by-zero  -D_FORTIFY_SOURCE=2  -pie -Wl,-z,relro -Wl,-z,now -Wl,-z,noexecstack conftest.c  >&5
configure:11785: $? = 0
configure:11786: result: yes
configure:11800: data alignment is not required on this target
configure:11819: checking for arc4random
configure:11819: gcc -o conftest -g -O2 -fvisibility=hidden -fPIC -fPIE -fno-strict-aliasing -fno-strict-overflow -fstack-protector -Winit-self -Wwrite-strings -Wdiv-by-zero  -D_FORTIFY_SOURCE=2  -pie -Wl,-z,relro -Wl,-z,now -Wl,-z,noexecstack conftest.c  >&5
/usr/bin/ld: /tmp/ccyRdkae.o: in function `main':
/home/luwei/benchmark2/examples/sodium/libsodium/conftest.c:72: undefined reference to `arc4random'
collect2: error: ld returned 1 exit status
configure:11819: $? = 1
configure: failed program was:
| /* confdefs.h */
| #define PACKAGE_NAME "libsodium"
| #define PACKAGE_TARNAME "libsodium"
| #define PACKAGE_VERSION "1.0.3"
| #define PACKAGE_STRING "libsodium 1.0.3"
| #define PACKAGE_BUGREPORT "https://github.com/jedisct1/libsodium/issues"
| #define PACKAGE_URL "https://github.com/jedisct1/libsodium"
| #define PACKAGE "libsodium"
| #define VERSION "1.0.3"
| #define STDC_HEADERS 1
| #define HAVE_SYS_TYPES_H 1
| #define HAVE_SYS_STAT_H 1
| #define HAVE_STDLIB_H 1
| #define HAVE_STRING_H 1
| #define HAVE_MEMORY_H 1
| #define HAVE_STRINGS_H 1
| #define HAVE_INTTYPES_H 1
| #define HAVE_STDINT_H 1
| #define HAVE_UNISTD_H 1
| #define __EXTENSIONS__ 1
| #define _ALL_SOURCE 1
| #define _GNU_SOURCE 1
| #define _POSIX_PTHREAD_SEMANTICS 1
| #define _TANDEM_SOURCE 1
| #define HAVE_DLFCN_H 1
| #define LT_OBJDIR ".libs/"
| #define HAVE_MMINTRIN_H 1
| #define HAVE_EMMINTRIN_H 1
| #define HAVE_PMMINTRIN_H 1
| #define HAVE_TMMINTRIN_H 1
| #define HAVE_SYS_MMAN_H 1
| #define NATIVE_LITTLE_ENDIAN 1
| #define HAVE_AMD64_ASM 1
| #define HAVE_TI_MODE 1
| #define HAVE_CPUID 1
| #define HAVE_WEAK_SYMBOLS 1
| /* end confdefs.h.  */
| /* Define arc4random to an innocuous variant, in case <limits.h> declares arc4random.
|    For example, HP-UX 11i <limits.h> declares gettimeofday.  */
| #define arc4random innocuous_arc4random
| 
| /* System header to define __stub macros and hopefully few prototypes,
|     which can conflict with char arc4random (); below.
|     Prefer <limits.h> to <assert.h> if __STDC__ is defined, since
|     <limits.h> exists even on freestanding compilers.  */
| 
| #ifdef __STDC__
| # include <limits.h>
| #else
| # include <assert.h>
| #endif
| 
| #undef arc4random
| 
| /* Override any GCC internal prototype to avoid an error.
|    Use char because int might match the return type of a GCC
|    builtin and then its argument prototype would still apply.  */
| #ifdef __cplusplus
| extern "C"
| #endif
| char arc4random ();
| /* The GNU C library defines this for functions which it implements
|     to always fail with ENOSYS.  Some functions are actually named
|     something starting with __ and the normal name is an alias.  */
| #if defined __stub_arc4random || defined __stub___arc4random
| choke me
| #endif
| 
| int
| main ()
| {
| return arc4random ();
|   ;
|   return 0;
| }
configure:11819: result: no
configure:11819: checking for arc4random_buf
configure:11819: gcc -o conftest -g -O2 -fvisibility=hidden -fPIC -fPIE -fno-strict-aliasing -fno-strict-overflow -fstack-protector -Winit-self -Wwrite-strings -Wdiv-by-zero  -D_FORTIFY_SOURCE=2  -pie -Wl,-z,relro -Wl,-z,now -Wl,-z,noexecstack conftest.c  >&5
/usr/bin/ld: /tmp/ccpEkh8B.o: in function `main':
/home/luwei/benchmark2/examples/sodium/libsodium/conftest.c:72: undefined reference to `arc4random_buf'
collect2: error: ld returned 1 exit status
configure:11819: $? = 1
configure: failed program was:
| /* confdefs.h */
| #define PACKAGE_NAME "libsodium"
| #define PACKAGE_TARNAME "libsodium"
| #define PACKAGE_VERSION "1.0.3"
| #define PACKAGE_STRING "libsodium 1.0.3"
| #define PACKAGE_BUGREPORT "https://github.com/jedisct1/libsodium/issues"
| #define PACKAGE_URL "https://github.com/jedisct1/libsodium"
| #define PACKAGE "libsodium"
| #define VERSION "1.0.3"
| #define STDC_HEADERS 1
| #define HAVE_SYS_TYPES_H 1
| #define HAVE_SYS_STAT_H 1
| #define HAVE_STDLIB_H 1
| #define HAVE_STRING_H 1
| #define HAVE_MEMORY_H 1
| #define HAVE_STRINGS_H 1
| #define HAVE_INTTYPES_H 1
| #define HAVE_STDINT_H 1
| #define HAVE_UNISTD_H 1
| #define __EXTENSIONS__ 1
| #define _ALL_SOURCE 1
| #define _GNU_SOURCE 1
| #define _POSIX_PTHREAD_SEMANTICS 1
| #define _TANDEM_SOURCE 1
| #define HAVE_DLFCN_H 1
| #define LT_OBJDIR ".libs/"
| #define HAVE_MMINTRIN_H 1
| #define HAVE_EMMINTRIN_H 1
| #define HAVE_PMMINTRIN_H 1
| #define HAVE_TMMINTRIN_H 1
| #define HAVE_SYS_MMAN_H 1
| #define NATIVE_LITTLE_ENDIAN 1
| #define HAVE_AMD64_ASM 1
| #define HAVE_TI_MODE 1
| #define HAVE_CPUID 1
| #define HAVE_WEAK_SYMBOLS 1
| /* end confdefs.h.  */
| /* Define arc4random_buf to an innocuous variant, in case <limits.h> declares arc4random_buf.
|    For example, HP-UX 11i <limits.h> declares gettimeofday.  */
| #define arc4random_buf innocuous_arc4random_buf
| 
| /* System header to define __stub macros and hopefully few prototypes,
|     which can conflict with char arc4random_buf (); below.
|     Prefer <limits.h> to <assert.h> if __STDC__ is defined, since
|     <limits.h> exists even on freestanding compilers.  */
| 
| #ifdef __STDC__
| # include <limits.h>
| #else
| # include <assert.h>
| #endif
| 
| #undef arc4random_buf
| 
| /* Override any GCC internal prototype to avoid an error.
|    Use char because int might match the return type of a GCC
|    builtin and then its argument prototype would still apply.  */
| #ifdef __cplusplus
| extern "C"
| #endif
| char arc4random_buf ();
| /* The GNU C library defines this for functions which it implements
|     to always fail with ENOSYS.  Some functions are actually named
|     something starting with __ and the normal name is an alias.  */
| #if defined __stub_arc4random_buf || defined __stub___arc4random_buf
| choke me
| #endif
| 
| int
| main ()
| {
| return arc4random_buf ();
|   ;
|   return 0;
| }
configure:11819: result: no
configure:11831: checking for mmap
configure:11831: gcc -o conftest -g -O2 -fvisibility=hidden -fPIC -fPIE -fno-strict-aliasing -fno-strict-overflow -fstack-protector -Winit-self -Wwrite-strings -Wdiv-by-zero  -D_FORTIFY_SOURCE=2  -pie -Wl,-z,relro -Wl,-z,now -Wl,-z,noexecstack conftest.c  >&5
configure:11831: $? = 0
configure:11831: result: yes
configure:11831: checking for mlock
configure:11831: gcc -o conftest -g -O2 -fvisibility=hidden -fPIC -fPIE -fno-strict-aliasing -fno-strict-overflow -fstack-protector -Winit-self -Wwrite-strings -Wdiv-by-zero  -D_FORTIFY_SOURCE=2  -pie -Wl,-z,relro -Wl,-z,now -Wl,-z,noexecstack conftest.c  >&5
configure:11831: $? = 0
configure:11831: result: yes
configure:11831: checking for madvise
configure:11831: gcc -o conftest -g -O2 -fvisibility=hidden -fPIC -fPIE -fno-strict-aliasing -fno-strict-overflow -fstack-protector -Winit-self -Wwrite-strings -Wdiv-by-zero  -D_FORTIFY_SOURCE=2  -pie -Wl,-z,relro -Wl,-z,now -Wl,-z,noexecstack conftest.c  >&5
configure:11831: $? = 0
configure:11831: result: yes
configure:11831: checking for mprotect
configure:11831: gcc -o conftest -g -O2 -fvisibility=hidden -fPIC -fPIE -fno-strict-aliasing -fno-strict-overflow -fstack-protector -Winit-self -Wwrite-strings -Wdiv-by-zero  -D_FORTIFY_SOURCE=2  -pie -Wl,-z,relro -Wl,-z,now -Wl,-z,noexecstack conftest.c  >&5
configure:11831: $? = 0
configure:11831: result: yes
configure:11831: checking for explicit_bzero
configure:11831: gcc -o conftest -g -O2 -fvisibility=hidden -fPIC -fPIE -fno-strict-aliasing -fno-strict-overflow -fstack-protector -Winit-self -Wwrite-strings -Wdiv-by-zero  -D_FORTIFY_SOURCE=2  -pie -Wl,-z,relro -Wl,-z,now -Wl,-z,noexecstack conftest.c  >&5
configure:11831: $? = 0
configure:11831: result: yes
configure:11844: checking for posix_memalign
configure:11844: gcc -o conftest -g -O2 -fvisibility=hidden -fPIC -fPIE -fno-strict-aliasing -fno-strict-overflow -fstack-protector -Winit-self -Wwrite-strings -Wdiv-by-zero  -D_FORTIFY_SOURCE=2  -pie -Wl,-z,relro -Wl,-z,now -Wl,-z,noexecstack conftest.c  >&5
conftest.c:66:6: warning: conflicting types for built-in function 'posix_memalign'; expected 'int(void **, long unsigned int,  long unsigned int)' [-Wbuiltin-declaration-mismatch]
   66 | char posix_memalign ();
      |      ^~~~~~~~~~~~~~
configure:11844: $? = 0
configure:11844: result: yes
configure:12173: checking if gcc/ld supports -Wl,--output-def
configure:12194: gcc -o conftest -g -O2 -fvisibility=hidden -fPIC -fPIE -fno-strict-aliasing -fno-strict-overflow -fstack-protector -Winit-self -Wwrite-strings -Wdiv-by-zero  -D_FORTIFY_SOURCE=2 -Wl,--output-def,conftest.def conftest.c  >&5
/usr/bin/ld: unrecognized option '--output-def'
/usr/bin/ld: use the --help option for usage information
collect2: error: ld returned 1 exit status
configure:12194: $? = 1
configure: failed program was:
| /* confdefs.h */
| #define PACKAGE_NAME "libsodium"
| #define PACKAGE_TARNAME "libsodium"
| #define PACKAGE_VERSION "1.0.3"
| #define PACKAGE_STRING "libsodium 1.0.3"
| #define PACKAGE_BUGREPORT "https://github.com/jedisct1/libsodium/issues"
| #define PACKAGE_URL "https://github.com/jedisct1/libsodium"
| #define PACKAGE "libsodium"
| #define VERSION "1.0.3"
| #define STDC_HEADERS 1
| #define HAVE_SYS_TYPES_H 1
| #define HAVE_SYS_STAT_H 1
| #define HAVE_STDLIB_H 1
| #define HAVE_STRING_H 1
| #define HAVE_MEMORY_H 1
| #define HAVE_STRINGS_H 1
| #define HAVE_INTTYPES_H 1
| #define HAVE_STDINT_H 1
| #define HAVE_UNISTD_H 1
| #define __EXTENSIONS__ 1
| #define _ALL_SOURCE 1
| #define _GNU_SOURCE 1
| #define _POSIX_PTHREAD_SEMANTICS 1
| #define _TANDEM_SOURCE 1
| #define HAVE_DLFCN_H 1
| #define LT_OBJDIR ".libs/"
| #define HAVE_MMINTRIN_H 1
| #define HAVE_EMMINTRIN_H 1
| #define HAVE_PMMINTRIN_H 1
| #define HAVE_TMMINTRIN_H 1
| #define HAVE_SYS_MMAN_H 1
| #define NATIVE_LITTLE_ENDIAN 1
| #define HAVE_AMD64_ASM 1
| #define HAVE_TI_MODE 1
| #define HAVE_CPUID 1
| #define HAVE_WEAK_SYMBOLS 1
| #define HAVE_MMAP 1
| #define HAVE_MLOCK 1
| #define HAVE_MADVISE 1
| #define HAVE_MPROTECT 1
| #define HAVE_EXPLICIT_BZERO 1
| #define HAVE_POSIX_MEMALIGN 1
| /* end confdefs.h.  */
| 
| int
| main ()
| {
| 
|   ;
|   return 0;
| }
configure:12205: result: no
configure:12359: checking that generated files are newer than configure
configure:12365: result: done
configure:12416: creating ./config.status

## ---------------------- ##
## Running config.status. ##
## ---------------------- ##

This file was extended by libsodium config.status 1.0.3, which was
generated by GNU Autoconf 2.69.  Invocation command line was

  CONFIG_FILES    = 
  CONFIG_HEADERS  = 
  CONFIG_LINKS    = 
  CONFIG_COMMANDS = 
  $ ./config.status 

on 183

config.status:1050: creating Makefile
config.status:1050: creating dist-build/Makefile
config.status:1050: creating libsodium.pc
config.status:1050: creating libsodium-uninstalled.pc
config.status:1050: creating msvc-scripts/Makefile
config.status:1050: creating src/Makefile
config.status:1050: creating src/libsodium/Makefile
config.status:1050: creating src/libsodium/include/Makefile
config.status:1050: creating src/libsodium/include/sodium/version.h
config.status:1050: creating test/default/Makefile
config.status:1050: creating test/Makefile
config.status:1222: executing depfiles commands
config.status:1222: executing libtool commands

## ---------------- ##
## Cache variables. ##
## ---------------- ##

ac_cv_build=x86_64-unknown-linux-gnu
ac_cv_c_bigendian=no
ac_cv_c_compiler_gnu=yes
ac_cv_c_inline=inline
ac_cv_env_AR_set=
ac_cv_env_AR_value=
ac_cv_env_CCASFLAGS_set=
ac_cv_env_CCASFLAGS_value=
ac_cv_env_CCAS_set=
ac_cv_env_CCAS_value=
ac_cv_env_CC_set=
ac_cv_env_CC_value=
ac_cv_env_CFLAGS_set=
ac_cv_env_CFLAGS_value=
ac_cv_env_CPPFLAGS_set=
ac_cv_env_CPPFLAGS_value=
ac_cv_env_CPP_set=
ac_cv_env_CPP_value=
ac_cv_env_CWFLAGS_set=
ac_cv_env_CWFLAGS_value=
ac_cv_env_LDFLAGS_set=
ac_cv_env_LDFLAGS_value=
ac_cv_env_LIBS_set=
ac_cv_env_LIBS_value=
ac_cv_env_LT_SYS_LIBRARY_PATH_set=
ac_cv_env_LT_SYS_LIBRARY_PATH_value=
ac_cv_env_SAFECODE_HOME_set=
ac_cv_env_SAFECODE_HOME_value=
ac_cv_env_build_alias_set=
ac_cv_env_build_alias_value=
ac_cv_env_host_alias_set=
ac_cv_env_host_alias_value=
ac_cv_env_target_alias_set=
ac_cv_env_target_alias_value=
ac_cv_func_arc4random=no
ac_cv_func_arc4random_buf=no
ac_cv_func_explicit_bzero=yes
ac_cv_func_madvise=yes
ac_cv_func_mlock=yes
ac_cv_func_mmap=yes
ac_cv_func_mprotect=yes
ac_cv_func_posix_memalign=yes
ac_cv_header_dlfcn_h=yes
ac_cv_header_inttypes_h=yes
ac_cv_header_memory_h=yes
ac_cv_header_minix_config_h=no
ac_cv_header_stdc=yes
ac_cv_header_stdint_h=yes
ac_cv_header_stdlib_h=yes
ac_cv_header_string_h=yes
ac_cv_header_strings_h=yes
ac_cv_header_sys_mman_h=yes
ac_cv_header_sys_stat_h=yes
ac_cv_header_sys_types_h=yes
ac_cv_header_unistd_h=yes
ac_cv_host=x86_64-unknown-linux-gnu
ac_cv_objext=o
ac_cv_path_EGREP='/usr/bin/grep -E'
ac_cv_path_FGREP='/usr/bin/grep -F'
ac_cv_path_GREP=/usr/bin/grep
ac_cv_path_SED=/usr/bin/sed
ac_cv_path_install='/usr/bin/install -c'
ac_cv_path_lt_DD=/usr/bin/dd
ac_cv_path_mkdir=/usr/bin/mkdir
ac_cv_prog_AWK=gawk
ac_cv_prog_CPP='gcc -E'
ac_cv_prog_ac_ct_AR=ar
ac_cv_prog_ac_ct_CC=gcc
ac_cv_prog_ac_ct_MANIFEST_TOOL=mt
ac_cv_prog_ac_ct_OBJDUMP=objdump
ac_cv_prog_ac_ct_RANLIB=ranlib
ac_cv_prog_ac_ct_STRIP=strip
ac_cv_prog_cc_c89=
ac_cv_prog_cc_c99=
ac_cv_prog_cc_g=yes
ac_cv_prog_make_make_set=yes
ac_cv_safe_to_define___extensions__=yes
am_cv_CCAS_dependencies_compiler_type=gcc3
am_cv_CC_dependencies_compiler_type=gcc3
am_cv_make_support_nested_variables=yes
am_cv_prog_cc_c_o=yes
am_cv_prog_tar_ustar=gnutar
ax_cv_check_cflags___D_FORTIFY_SOURCE_2=yes
ax_cv_check_cflags___Wdiv_by_zero=yes
ax_cv_check_cflags___Winit_self=yes
ax_cv_check_cflags___Wsometimes_uninitialized=no
ax_cv_check_cflags___Wwrite_strings=yes
ax_cv_check_cflags____Wall=yes
ax_cv_check_cflags____Wall__Wextra=yes
ax_cv_check_cflags____Wall__Wextra__Wbad_function_cast=yes
ax_cv_check_cflags____Wall__Wextra__Wbad_function_cast__Wcast_align=yes
ax_cv_check_cflags____Wall__Wextra__Wbad_function_cast__Wcast_align__Wcast_qual=yes
ax_cv_check_cflags____Wall__Wextra__Wbad_function_cast__Wcast_align__Wcast_qual__Wchar_subscripts=yes
ax_cv_check_cflags____Wall__Wextra__Wbad_function_cast__Wcast_align__Wcast_qual__Wchar_subscripts__Wcomment=yes
ax_cv_check_cflags____Wall__Wextra__Wbad_function_cast__Wcast_align__Wcast_qual__Wchar_subscripts__Wcomment__Wfloat_equal=yes
ax_cv_check_cflags____Wall__Wextra__Wbad_function_cast__Wcast_align__Wcast_qual__Wchar_subscripts__Wcomment__Wfloat_equal__Wformat_2=yes
ax_cv_check_cflags____Wall__Wextra__Wbad_function_cast__Wcast_align__Wcast_qual__Wchar_subscripts__Wcomment__Wfloat_equal__Wformat_2__Wimplicit=yes
ax_cv_check_cflags____Wall__Wextra__Wbad_function_cast__Wcast_align__Wcast_qual__Wchar_subscripts__Wcomment__Wfloat_equal__Wformat_2__Wimplicit__Wmissing_declarations=yes
ax_cv_check_cflags____Wall__Wextra__Wbad_function_cast__Wcast_align__Wcast_qual__Wchar_subscripts__Wcomment__Wfloat_equal__Wformat_2__Wimplicit__Wmissing_declarations__Wmissing_prototypes=yes
ax_cv_check_cflags____Wall__Wextra__Wbad_function_cast__Wcast_align__Wcast_qual__Wchar_subscripts__Wcomment__Wfloat_equal__Wformat_2__Wimplicit__Wmissing_declarations__Wmissing_prototypes__Wnormalized_id=yes
ax_cv_check_cflags____Wall__Wextra__Wbad_function_cast__Wcast_align__Wcast_qual__Wchar_subscripts__Wcomment__Wfloat_equal__Wformat_2__Wimplicit__Wmissing_declarations__Wmissing_prototypes__Wnormalized_id__Woverride_init=yes
ax_cv_check_cflags____Wall__Wextra__Wbad_function_cast__Wcast_align__Wcast_qual__Wchar_subscripts__Wcomment__Wfloat_equal__Wformat_2__Wimplicit__Wmissing_declarations__Wmissing_prototypes__Wnormalized_id__Woverride_init__Wparentheses=yes
ax_cv_check_cflags____Wall__Wextra__Wbad_function_cast__Wcast_align__Wcast_qual__Wchar_subscripts__Wcomment__Wfloat_equal__Wformat_2__Wimplicit__Wmissing_declarations__Wmissing_prototypes__Wnormalized_id__Woverride_init__Wparentheses__Wpointer_arith=yes
ax_cv_check_cflags____Wall__Wextra__Wbad_function_cast__Wcast_align__Wcast_qual__Wchar_subscripts__Wcomment__Wfloat_equal__Wformat_2__Wimplicit__Wmissing_declarations__Wmissing_prototypes__Wnormalized_id__Woverride_init__Wparentheses__Wpointer_arith__Wredundant_decls=yes
ax_cv_check_cflags____Wall__Wextra__Wbad_function_cast__Wcast_align__Wcast_qual__Wchar_subscripts__Wcomment__Wfloat_equal__Wformat_2__Wimplicit__Wmissing_declarations__Wmissing_prototypes__Wnormalized_id__Woverride_init__Wparentheses__Wpointer_arith__Wredundant_decls__Wstrict_prototypes=yes
ax_cv_check_cflags____Wall__Wextra__Wbad_function_cast__Wcast_align__Wcast_qual__Wchar_subscripts__Wcomment__Wfloat_equal__Wformat_2__Wimplicit__Wmissing_declarations__Wmissing_prototypes__Wnormalized_id__Woverride_init__Wparentheses__Wpointer_arith__Wredundant_decls__Wstrict_prototypes__Wswitch_enum=yes
ax_cv_check_cflags____Wall__Wextra__Wbad_function_cast__Wcast_align__Wcast_qual__Wchar_subscripts__Wcomment__Wfloat_equal__Wformat_2__Wimplicit__Wmissing_declarations__Wmissing_prototypes__Wnormalized_id__Woverride_init__Wparentheses__Wpointer_arith__Wredundant_decls__Wstrict_prototypes__Wswitch_enum__Wvariable_decl=no
ax_cv_check_cflags___fPIC=yes
ax_cv_check_cflags___fPIE=yes
ax_cv_check_cflags___fno_strict_aliasing=yes
ax_cv_check_cflags___fno_strict_overflow=yes
ax_cv_check_cflags___fstack_protector=yes
ax_cv_check_cflags___fvisibility_hidden=yes
ax_cv_check_ldflags___Wl__z_noexecstack=yes
ax_cv_check_ldflags___Wl__z_now=yes
ax_cv_check_ldflags___Wl__z_relro=yes
ax_cv_check_ldflags___fPIC=yes
ax_cv_check_ldflags___fPIE=yes
ax_cv_check_ldflags___fstack_protector=yes
ax_cv_check_ldflags___pie=yes
gl_cv_ld_output_def=no
lt_cv_ar_at_file=@
lt_cv_archive_cmds_need_lc=no
lt_cv_deplibs_check_method=pass_all
lt_cv_file_magic_cmd='$MAGIC_CMD'
lt_cv_file_magic_test_file=
lt_cv_ld_reload_flag=-r
lt_cv_nm_interface='BSD nm'
lt_cv_objdir=.libs
lt_cv_path_LD=/usr/bin/ld
lt_cv_path_NM='/usr/bin/nm -B'
lt_cv_path_mainfest_tool=no
lt_cv_prog_compiler_c_o=yes
lt_cv_prog_compiler_pic='-fPIC -DPIC'
lt_cv_prog_compiler_pic_works=yes
lt_cv_prog_compiler_rtti_exceptions=no
lt_cv_prog_compiler_static_works=yes
lt_cv_prog_gnu_ld=yes
lt_cv_sharedlib_from_linklib_cmd='printf %s\n'
lt_cv_shlibpath_overrides_runpath=yes
lt_cv_sys_global_symbol_pipe='sed -n -e '\''s/^.*[	 ]\([ABCDGIRSTW][ABCDGIRSTW]*\)[	 ][	 ]*\([_A-Za-z][_A-Za-z0-9]*\)$/\1 \2 \2/p'\'' | sed '\''/ __gnu_lto/d'\'''
lt_cv_sys_global_symbol_to_c_name_address='sed -n -e '\''s/^: \(.*\) .*$/  {"\1", (void *) 0},/p'\'' -e '\''s/^[ABCDGIRSTW][ABCDGIRSTW]* .* \(.*\)$/  {"\1", (void *) \&\1},/p'\'''
lt_cv_sys_global_symbol_to_c_name_address_lib_prefix='sed -n -e '\''s/^: \(.*\) .*$/  {"\1", (void *) 0},/p'\'' -e '\''s/^[ABCDGIRSTW][ABCDGIRSTW]* .* \(lib.*\)$/  {"\1", (void *) \&\1},/p'\'' -e '\''s/^[ABCDGIRSTW][ABCDGIRSTW]* .* \(.*\)$/  {"lib\1", (void *) \&\1},/p'\'''
lt_cv_sys_global_symbol_to_cdecl='sed -n -e '\''s/^T .* \(.*\)$/extern int \1();/p'\'' -e '\''s/^[ABCDGIRSTW][ABCDGIRSTW]* .* \(.*\)$/extern char \1;/p'\'''
lt_cv_sys_global_symbol_to_import=
lt_cv_sys_max_cmd_len=1572864
lt_cv_to_host_file_cmd=func_convert_file_noop
lt_cv_to_tool_file_cmd=func_convert_file_noop
lt_cv_truncate_bin='/usr/bin/dd bs=4096 count=1'

## ----------------- ##
## Output variables. ##
## ----------------- ##

ACLOCAL='${SHELL} /home/luwei/benchmark2/examples/sodium/libsodium/build-aux/missing aclocal-1.15'
AMDEPBACKSLASH='\'
AMDEP_FALSE='#'
AMDEP_TRUE=''
AMTAR='$${TAR-tar}'
AM_BACKSLASH='\'
AM_DEFAULT_V='$(AM_DEFAULT_VERBOSITY)'
AM_DEFAULT_VERBOSITY='0'
AM_V='$(V)'
AR='ar'
AS='as'
AUTOCONF='${SHELL} /home/luwei/benchmark2/examples/sodium/libsodium/build-aux/missing autoconf'
AUTOHEADER='${SHELL} /home/luwei/benchmark2/examples/sodium/libsodium/build-aux/missing autoheader'
AUTOMAKE='${SHELL} /home/luwei/benchmark2/examples/sodium/libsodium/build-aux/missing automake-1.15'
AWK='gawk'
CC='gcc'
CCAS='gcc'
CCASDEPMODE='depmode=gcc3'
CCASFLAGS='-g -O2'
CCDEPMODE='depmode=gcc3'
CFLAGS='-g -O2 -fvisibility=hidden -fPIC -fPIE -fno-strict-aliasing -fno-strict-overflow -fstack-protector -Winit-self -Wwrite-strings -Wdiv-by-zero'
CPP='gcc -E'
CPPFLAGS=' -D_FORTIFY_SOURCE=2'
CWFLAGS=' -Wall -Wextra -Wbad-function-cast -Wcast-align -Wcast-qual -Wchar-subscripts -Wcomment -Wfloat-equal -Wformat=2 -Wimplicit -Wmissing-declarations -Wmissing-prototypes -Wnormalized=id -Woverride-init -Wparentheses -Wpointer-arith -Wredundant-decls -Wstrict-prototypes -Wswitch-enum'
CYGPATH_W='echo'
DEFS='-DPACKAGE_NAME=\"libsodium\" -DPACKAGE_TARNAME=\"libsodium\" -DPACKAGE_VERSION=\"1.0.3\" -DPACKAGE_STRING=\"libsodium\ 1.0.3\" -DPACKAGE_BUGREPORT=\"https://github.com/jedisct1/libsodium/issues\" -DPACKAGE_URL=\"https://github.com/jedisct1/libsodium\" -DPACKAGE=\"libsodium\" -DVERSION=\"1.0.3\" -DSTDC_HEADERS=1 -DHAVE_SYS_TYPES_H=1 -DHAVE_SYS_STAT_H=1 -DHAVE_STDLIB_H=1 -DHAVE_STRING_H=1 -DHAVE_MEMORY_H=1 -DHAVE_STRINGS_H=1 -DHAVE_INTTYPES_H=1 -DHAVE_STDINT_H=1 -DHAVE_UNISTD_H=1 -D__EXTENSIONS__=1 -D_ALL_SOURCE=1 -D_GNU_SOURCE=1 -D_POSIX_PTHREAD_SEMANTICS=1 -D_TANDEM_SOURCE=1 -DHAVE_DLFCN_H=1 -DLT_OBJDIR=\".libs/\" -DHAVE_MMINTRIN_H=1 -DHAVE_EMMINTRIN_H=1 -DHAVE_PMMINTRIN_H=1 -DHAVE_TMMINTRIN_H=1 -DHAVE_SYS_MMAN_H=1 -DNATIVE_LITTLE_ENDIAN=1 -DHAVE_AMD64_ASM=1 -DHAVE_TI_MODE=1 -DHAVE_CPUID=1 -DHAVE_WEAK_SYMBOLS=1 -DHAVE_MMAP=1 -DHAVE_MLOCK=1 -DHAVE_MADVISE=1 -DHAVE_MPROTECT=1 -DHAVE_EXPLICIT_BZERO=1 -DHAVE_POSIX_MEMALIGN=1'
DEPDIR='.deps'
DLLTOOL='false'
DLL_VERSION='6'
DSYMUTIL=''
DUMPBIN=''
ECHO_C=''
ECHO_N='-n'
ECHO_T=''
EGREP='/usr/bin/grep -E'
EMSCRIPTEN_FALSE=''
EMSCRIPTEN_TRUE='#'
EXEEXT=''
FGREP='/usr/bin/grep -F'
GREP='/usr/bin/grep'
HAVE_AMD64_ASM_FALSE='#'
HAVE_AMD64_ASM_TRUE=''
HAVE_AMD64_ASM_V='1'
HAVE_CPUID_V='1'
HAVE_LD_OUTPUT_DEF_FALSE=''
HAVE_LD_OUTPUT_DEF_TRUE='#'
HAVE_TI_MODE_FALSE='#'
HAVE_TI_MODE_TRUE=''
HAVE_TI_MODE_V='1'
INSTALL_DATA='${INSTALL} -m 644'
INSTALL_PROGRAM='${INSTALL}'
INSTALL_SCRIPT='${INSTALL}'
INSTALL_STRIP_PROGRAM='$(install_sh) -c -s'
ISODATE='2022-06-27'
LD='/usr/bin/ld -m elf_x86_64'
LDFLAGS=' -pie -Wl,-z,relro -Wl,-z,now -Wl,-z,noexecstack'
LIBOBJS=''
LIBS=''
LIBTOOL='$(SHELL) $(top_builddir)/libtool'
LIBTOOL_DEPS='build-aux/ltmain.sh'
LIBTOOL_EXTRA_FLAGS=' -version-info 15:0:2'
LIPO=''
LN_S='ln -s'
LTLIBOBJS=''
LT_SYS_LIBRARY_PATH=''
MAINT='#'
MAINTAINER_MODE_FALSE=''
MAINTAINER_MODE_TRUE='#'
MAKEINFO='${SHELL} /home/luwei/benchmark2/examples/sodium/libsodium/build-aux/missing makeinfo'
MANIFEST_TOOL=':'
MINIMAL_FALSE=''
MINIMAL_TRUE='#'
MKDIR_P='/usr/bin/mkdir -p'
NM='/usr/bin/nm -B'
NMEDIT=''
OBJDUMP='objdump'
OBJEXT='o'
OTOOL64=''
OTOOL=''
PACKAGE='libsodium'
PACKAGE_BUGREPORT='https://github.com/jedisct1/libsodium/issues'
PACKAGE_NAME='libsodium'
PACKAGE_STRING='libsodium 1.0.3'
PACKAGE_TARNAME='libsodium'
PACKAGE_URL='https://github.com/jedisct1/libsodium'
PACKAGE_VERSION='1.0.3'
PATH_SEPARATOR=':'
RANLIB='ranlib'
SAFECODE_HOME=''
SED='/usr/bin/sed'
SET_MAKE=''
SHELL='/bin/bash'
SODIUM_LIBRARY_VERSION='15:0:2'
SODIUM_LIBRARY_VERSION_MAJOR='7'
SODIUM_LIBRARY_VERSION_MINOR='5'
STRIP='strip'
TEST_LDFLAGS=''
VERSION='1.0.3'
ac_ct_AR='ar'
ac_ct_CC='gcc'
ac_ct_DUMPBIN=''
am__EXEEXT_FALSE=''
am__EXEEXT_TRUE='#'
am__fastdepCCAS_FALSE='#'
am__fastdepCCAS_TRUE=''
am__fastdepCC_FALSE='#'
am__fastdepCC_TRUE=''
am__include='include'
am__isrc=''
am__leading_dot='.'
am__nodep='_no'
am__quote=''
am__tar='tar --format=ustar -chf - "$$tardir"'
am__untar='tar -xf -'
bindir='${exec_prefix}/bin'
build='x86_64-unknown-linux-gnu'
build_alias=''
build_cpu='x86_64'
build_os='linux-gnu'
build_vendor='unknown'
datadir='${datarootdir}'
datarootdir='${prefix}/share'
docdir='${datarootdir}/doc/${PACKAGE_TARNAME}'
dvidir='${docdir}'
exec_prefix='${prefix}'
host='x86_64-unknown-linux-gnu'
host_alias=''
host_cpu='x86_64'
host_os='linux-gnu'
host_vendor='unknown'
htmldir='${docdir}'
includedir='${prefix}/include'
infodir='${datarootdir}/info'
install_sh='${SHELL} /home/luwei/benchmark2/examples/sodium/libsodium/build-aux/install-sh'
libdir='${exec_prefix}/lib'
libexecdir='${exec_prefix}/libexec'
localedir='${datarootdir}/locale'
localstatedir='${prefix}/var'
mandir='${datarootdir}/man'
mkdir_p='$(MKDIR_P)'
oldincludedir='/usr/include'
pdfdir='${docdir}'
prefix='/usr/local'
program_transform_name='s,x,x,'
psdir='${docdir}'
sbindir='${exec_prefix}/sbin'
sharedstatedir='${prefix}/com'
sysconfdir='${prefix}/etc'
target_alias=''

## ----------- ##
## confdefs.h. ##
## ----------- ##

/* confdefs.h */
#define PACKAGE_NAME "libsodium"
#define PACKAGE_TARNAME "libsodium"
#define PACKAGE_VERSION "1.0.3"
#define PACKAGE_STRING "libsodium 1.0.3"
#define PACKAGE_BUGREPORT "https://github.com/jedisct1/libsodium/issues"
#define PACKAGE_URL "https://github.com/jedisct1/libsodium"
#define PACKAGE "libsodium"
#define VERSION "1.0.3"
#define STDC_HEADERS 1
#define HAVE_SYS_TYPES_H 1
#define HAVE_SYS_STAT_H 1
#define HAVE_STDLIB_H 1
#define HAVE_STRING_H 1
#define HAVE_MEMORY_H 1
#define HAVE_STRINGS_H 1
#define HAVE_INTTYPES_H 1
#define HAVE_STDINT_H 1
#define HAVE_UNISTD_H 1
#define __EXTENSIONS__ 1
#define _ALL_SOURCE 1
#define _GNU_SOURCE 1
#define _POSIX_PTHREAD_SEMANTICS 1
#define _TANDEM_SOURCE 1
#define HAVE_DLFCN_H 1
#define LT_OBJDIR ".libs/"
#define HAVE_MMINTRIN_H 1
#define HAVE_EMMINTRIN_H 1
#define HAVE_PMMINTRIN_H 1
#define HAVE_TMMINTRIN_H 1
#define HAVE_SYS_MMAN_H 1
#define NATIVE_LITTLE_ENDIAN 1
#define HAVE_AMD64_ASM 1
#define HAVE_TI_MODE 1
#define HAVE_CPUID 1
#define HAVE_WEAK_SYMBOLS 1
#define HAVE_MMAP 1
#define HAVE_MLOCK 1
#define HAVE_MADVISE 1
#define HAVE_MPROTECT 1
#define HAVE_EXPLICIT_BZERO 1
#define HAVE_POSIX_MEMALIGN 1

configure: exit 0
